2022-02-23 21:26:55.116  INFO wellness-api-857495d74-rqjsn --- [           main] c.a.a.w.w.WellnessApiApplication         : Starting WellnessApiApplication v0.0.1 on wellness-api-857495d74-rqjsn with PID 1 (/WellnessAPI-0.0.1.jar started by user in /)
2022-02-23 21:26:55.133 DEBUG wellness-api-857495d74-rqjsn --- [           main] c.a.a.w.w.WellnessApiApplication         : Running with Spring Boot v2.3.5.RELEASE, Spring v5.2.10.RELEASE
2022-02-23 21:26:55.135  INFO wellness-api-857495d74-rqjsn --- [           main] c.a.a.w.w.WellnessApiApplication         : No active profile set, falling back to default profiles: default
2022-02-23 21:26:56.334  INFO wellness-api-857495d74-rqjsn --- [           main] .s.d.r.c.RepositoryConfigurationDelegate : Bootstrapping Spring Data JPA repositories in DEFAULT mode.
2022-02-23 21:26:57.027  INFO wellness-api-857495d74-rqjsn --- [           main] .s.d.r.c.RepositoryConfigurationDelegate : Finished Spring Data repository scanning in 674ms. Found 25 JPA repository interfaces.
2022-02-23 21:26:57.922  INFO wellness-api-857495d74-rqjsn --- [           main] trationDelegate$BeanPostProcessorChecker : Bean 'org.springframework.security.access.expression.method.DefaultMethodSecurityExpressionHandler@4b45a2f5' of type [org.springframework.security.access.expression.method.DefaultMethodSecurityExpressionHandler] is not eligible for getting processed by all BeanPostProcessors (for example: not eligible for auto-proxying)
2022-02-23 21:26:57.931  INFO wellness-api-857495d74-rqjsn --- [           main] trationDelegate$BeanPostProcessorChecker : Bean 'methodSecurityMetadataSource' of type [org.springframework.security.access.method.DelegatingMethodSecurityMetadataSource] is not eligible for getting processed by all BeanPostProcessors (for example: not eligible for auto-proxying)
2022-02-23 21:26:58.605  INFO wellness-api-857495d74-rqjsn --- [           main] o.s.b.w.e.t.TomcatWebServer              : Tomcat initialized with port(s): 8081 (http)
2022-02-23 21:26:58.617  INFO wellness-api-857495d74-rqjsn --- [           main] o.a.c.h.Http11NioProtocol                : Initializing ProtocolHandler ["http-nio-8081"]
2022-02-23 21:26:58.618  INFO wellness-api-857495d74-rqjsn --- [           main] o.a.c.c.StandardService                  : Starting service [Tomcat]
2022-02-23 21:26:58.618  INFO wellness-api-857495d74-rqjsn --- [           main] o.a.c.c.StandardEngine                   : Starting Servlet engine: [Apache Tomcat/9.0.39]
2022-02-23 21:26:58.743  INFO wellness-api-857495d74-rqjsn --- [           main] o.a.c.c.C.[.[.[/api]                     : Initializing Spring embedded WebApplicationContext
2022-02-23 21:26:58.743  INFO wellness-api-857495d74-rqjsn --- [           main] w.s.c.ServletWebServerApplicationContext : Root WebApplicationContext: initialization completed in 3532 ms
2022-02-23 21:26:59.230 DEBUG wellness-api-857495d74-rqjsn --- [           main] c.a.a.w.w.c.LoggingFilter                : Filter 'logFilter' configured for use
2022-02-23 21:26:59.339  INFO wellness-api-857495d74-rqjsn --- [pool-2-thread-1] c.m.a.a.AuthenticationAuthority          : [Correlation ID: def79bbf-acd3-44f1-8c28-51ce47f07151] Instance discovery was successful
2022-02-23 21:27:01.494  INFO wellness-api-857495d74-rqjsn --- [           main] o.h.j.i.u.LogHelper                      : HHH000204: Processing PersistenceUnitInfo [name: default]
2022-02-23 21:27:01.598  INFO wellness-api-857495d74-rqjsn --- [           main] o.h.Version                              : HHH000412: Hibernate ORM core version 5.4.22.Final
2022-02-23 21:27:01.849  INFO wellness-api-857495d74-rqjsn --- [           main] o.h.a.c.Version                          : HCANN000001: Hibernate Commons Annotations {5.1.0.Final}
2022-02-23 21:27:02.343  INFO wellness-api-857495d74-rqjsn --- [           main] o.h.d.Dialect                            : HHH000400: Using dialect: org.hibernate.dialect.SQLServer2012Dialect
2022-02-23 21:27:03.278  INFO wellness-api-857495d74-rqjsn --- [           main] o.h.v.i.u.Version                        : HV000001: Hibernate Validator 6.1.6.Final
2022-02-23 21:27:05.902  INFO wellness-api-857495d74-rqjsn --- [           main] o.h.e.t.j.p.i.JtaPlatformInitiator       : HHH000490: Using JtaPlatform implementation: [org.hibernate.engine.transaction.jta.platform.internal.NoJtaPlatform]
2022-02-23 21:27:05.910  INFO wellness-api-857495d74-rqjsn --- [           main] j.LocalContainerEntityManagerFactoryBean : Initialized JPA EntityManagerFactory for persistence unit 'default'
2022-02-23 21:27:06.074  WARN wellness-api-857495d74-rqjsn --- [           main] JpaBaseConfiguration$JpaWebConfiguration : spring.jpa.open-in-view is enabled by default. Therefore, database queries may be performed during view rendering. Explicitly configure spring.jpa.open-in-view to disable this warning
2022-02-23 21:27:12.125  INFO wellness-api-857495d74-rqjsn --- [           main] c.a.a.w.w.f.FCMInitializer               : Firebase application has been initialized
2022-02-23 21:27:12.329  INFO wellness-api-857495d74-rqjsn --- [           main] o.s.s.w.DefaultSecurityFilterChain       : Creating filter chain: Ant [pattern='/version/check', POST], []
2022-02-23 21:27:12.330  INFO wellness-api-857495d74-rqjsn --- [           main] o.s.s.w.DefaultSecurityFilterChain       : Creating filter chain: Ant [pattern='/auth/*', POST], []
2022-02-23 21:27:12.330  INFO wellness-api-857495d74-rqjsn --- [           main] o.s.s.w.DefaultSecurityFilterChain       : Creating filter chain: Ant [pattern='/member/register', POST], []
2022-02-23 21:27:12.332  INFO wellness-api-857495d74-rqjsn --- [           main] o.s.s.w.DefaultSecurityFilterChain       : Creating filter chain: Ant [pattern='/member/otp', POST], []
2022-02-23 21:27:12.332  INFO wellness-api-857495d74-rqjsn --- [           main] o.s.s.w.DefaultSecurityFilterChain       : Creating filter chain: Ant [pattern='/member/verify', POST], []
2022-02-23 21:27:12.332  INFO wellness-api-857495d74-rqjsn --- [           main] o.s.s.w.DefaultSecurityFilterChain       : Creating filter chain: Ant [pattern='/app/share', POST], []
2022-02-23 21:27:12.335  INFO wellness-api-857495d74-rqjsn --- [           main] o.s.s.w.DefaultSecurityFilterChain       : Creating filter chain: Ant [pattern='/share', POST], []
2022-02-23 21:27:12.335  INFO wellness-api-857495d74-rqjsn --- [           main] o.s.s.w.DefaultSecurityFilterChain       : Creating filter chain: Ant [pattern='/img', POST], []
2022-02-23 21:27:12.336  INFO wellness-api-857495d74-rqjsn --- [           main] o.s.s.w.DefaultSecurityFilterChain       : Creating filter chain: Ant [pattern='/css/**', POST], []
2022-02-23 21:27:12.336  INFO wellness-api-857495d74-rqjsn --- [           main] o.s.s.w.DefaultSecurityFilterChain       : Creating filter chain: Ant [pattern='/js/**', POST], []
2022-02-23 21:27:12.336  INFO wellness-api-857495d74-rqjsn --- [           main] o.s.s.w.DefaultSecurityFilterChain       : Creating filter chain: Ant [pattern='/imgs/**', POST], []
2022-02-23 21:27:12.371  INFO wellness-api-857495d74-rqjsn --- [           main] o.s.s.w.DefaultSecurityFilterChain       : Creating filter chain: any request, [org.springframework.security.web.context.request.async.WebAsyncManagerIntegrationFilter@4a9869a8, org.springframework.security.web.context.SecurityContextPersistenceFilter@5df92089, org.springframework.security.web.header.HeaderWriterFilter@12f9f896, org.springframework.security.web.authentication.logout.LogoutFilter@699e0bf0, com.aia.ace.wellness.webapi.config.JwtAuthenticationFilter@75e0a54c, org.springframework.security.web.savedrequest.RequestCacheAwareFilter@45571cfc, org.springframework.security.web.servletapi.SecurityContextHolderAwareRequestFilter@1b475663, org.springframework.security.web.authentication.AnonymousAuthenticationFilter@40f9f60d, org.springframework.security.web.session.SessionManagementFilter@505f45cc, org.springframework.security.web.access.ExceptionTranslationFilter@34f23816, org.springframework.security.web.access.intercept.FilterSecurityInterceptor@1124910c]
2022-02-23 21:27:12.905  INFO wellness-api-857495d74-rqjsn --- [           main] o.s.s.c.ThreadPoolTaskExecutor           : Initializing ExecutorService 'applicationTaskExecutor'
2022-02-23 21:27:13.378  INFO wellness-api-857495d74-rqjsn --- [           main] o.s.s.c.ThreadPoolTaskScheduler          : Initializing ExecutorService 'taskScheduler'
2022-02-23 21:27:13.415  INFO wellness-api-857495d74-rqjsn --- [           main] o.a.c.h.Http11NioProtocol                : Starting ProtocolHandler ["http-nio-8081"]
2022-02-23 21:27:13.462  INFO wellness-api-857495d74-rqjsn --- [           main] o.s.b.w.e.t.TomcatWebServer              : Tomcat started on port(s): 8081 (http) with context path '/api'
2022-02-23 21:27:13.495  INFO wellness-api-857495d74-rqjsn --- [           main] c.a.a.w.w.WellnessApiApplication         : Started WellnessApiApplication in 19.07 seconds (JVM running for 21.145)
2022-02-23 21:27:31.824  INFO wellness-api-857495d74-rqjsn --- [nio-8081-exec-1] o.a.c.c.C.[.[.[/api]                     : Initializing Spring DispatcherServlet 'dispatcherServlet'
2022-02-23 21:27:31.825  INFO wellness-api-857495d74-rqjsn --- [nio-8081-exec-1] o.s.w.s.DispatcherServlet                : Initializing Servlet 'dispatcherServlet'
2022-02-23 21:27:31.834  INFO wellness-api-857495d74-rqjsn --- [nio-8081-exec-1] o.s.w.s.DispatcherServlet                : Completed initialization in 8 ms
2022-02-23 21:27:31.950 DEBUG wellness-api-857495d74-rqjsn --- [nio-8081-exec-1] c.a.a.w.w.c.JwtAuthenticationFilter      : security context was null, so authorizating user
2022-02-23 21:27:32.360  INFO wellness-api-857495d74-rqjsn --- [nio-8081-exec-1] c.a.a.w.w.s.i.MemberService              : SUB : 09450014670
2022-02-23 21:27:32.577  INFO wellness-api-857495d74-rqjsn --- [nio-8081-exec-1] c.a.a.w.w.s.i.DailyStepService           : Old daily step : AbstractVersionTrack(createdDate=2022-02-23 09:41:26.259, createdUserId=10266, updatedDate=2022-02-23 21:19:34.216, updatedUserId=10266, version=86, isDelete=false)
2022-02-23 21:27:33.401 DEBUG wellness-api-857495d74-rqjsn --- [nio-8081-exec-3] c.a.a.w.w.c.JwtAuthenticationFilter      : security context was null, so authorizating user
2022-02-23 21:27:33.588  INFO wellness-api-857495d74-rqjsn --- [nio-8081-exec-3] c.a.a.w.w.s.i.MemberService              : SUB : 09450014670
2022-02-23 21:27:33.688  INFO wellness-api-857495d74-rqjsn --- [nio-8081-exec-3] c.a.a.w.w.u.CommonUtil                   : Date:::::Wed Feb 23 21:27:33 MMT 2022
2022-02-23 21:27:33.688  INFO wellness-api-857495d74-rqjsn --- [nio-8081-exec-3] c.a.a.w.w.u.CommonUtil                   : Response JsonData:::::myChallenge:::::200:::::Success!
2022-02-23 21:28:25.787 DEBUG wellness-api-857495d74-rqjsn --- [nio-8081-exec-8] c.a.a.w.w.c.JwtAuthenticationFilter      : security context was null, so authorizating user
2022-02-23 21:28:25.829 DEBUG wellness-api-857495d74-rqjsn --- [nio-8081-exec-9] c.a.a.w.w.c.JwtAuthenticationFilter      : security context was null, so authorizating user
2022-02-23 21:28:25.837 DEBUG wellness-api-857495d74-rqjsn --- [io-8081-exec-10] c.a.a.w.w.c.JwtAuthenticationFilter      : security context was null, so authorizating user
2022-02-23 21:28:25.908 DEBUG wellness-api-857495d74-rqjsn --- [nio-8081-exec-3] c.a.a.w.w.c.JwtAuthenticationFilter      : security context was null, so authorizating user
2022-02-23 21:28:25.908 DEBUG wellness-api-857495d74-rqjsn --- [nio-8081-exec-1] c.a.a.w.w.c.JwtAuthenticationFilter      : security context was null, so authorizating user
2022-02-23 21:28:25.907 DEBUG wellness-api-857495d74-rqjsn --- [nio-8081-exec-2] c.a.a.w.w.c.JwtAuthenticationFilter      : security context was null, so authorizating user
2022-02-23 21:28:26.074  INFO wellness-api-857495d74-rqjsn --- [nio-8081-exec-8] c.a.a.w.w.s.i.MemberService              : SUB : 09972649400
2022-02-23 21:28:26.211 DEBUG wellness-api-857495d74-rqjsn --- [nio-8081-exec-4] c.a.a.w.w.c.JwtAuthenticationFilter      : security context was null, so authorizating user
2022-02-23 21:28:26.295  INFO wellness-api-857495d74-rqjsn --- [nio-8081-exec-2] c.a.a.w.w.s.i.MemberService              : SUB : 09972649400
2022-02-23 21:28:26.387  INFO wellness-api-857495d74-rqjsn --- [nio-8081-exec-3] c.a.a.w.w.s.i.MemberService              : SUB : 09972649400
2022-02-23 21:28:26.673 DEBUG wellness-api-857495d74-rqjsn --- [nio-8081-exec-5] c.a.a.w.w.c.JwtAuthenticationFilter      : security context was null, so authorizating user
2022-02-23 21:28:26.684  INFO wellness-api-857495d74-rqjsn --- [nio-8081-exec-3] c.a.a.w.w.c.ChallengeRestController      : Member Id....81
2022-02-23 21:28:26.713  INFO wellness-api-857495d74-rqjsn --- [nio-8081-exec-3] c.a.a.w.w.s.i.ChallengeService           : Challenge List API...
2022-02-23 21:28:26.975  INFO wellness-api-857495d74-rqjsn --- [nio-8081-exec-4] c.a.a.w.w.s.i.MemberService              : SUB : 09972649400
2022-02-23 21:28:27.189  INFO wellness-api-857495d74-rqjsn --- [nio-8081-exec-4] c.a.a.w.w.s.i.DailyStepService           : Old daily step : AbstractVersionTrack(createdDate=2022-02-22 02:23:26.765, createdUserId=81, updatedDate=2022-02-22 11:29:17.348, updatedUserId=81, version=17, isDelete=false)
2022-02-23 21:28:27.259  INFO wellness-api-857495d74-rqjsn --- [nio-8081-exec-4] c.a.a.w.w.s.i.DailyStepService           : Old daily step : null
2022-02-23 21:28:27.340  INFO wellness-api-857495d74-rqjsn --- [nio-8081-exec-5] c.a.a.w.w.s.i.MemberService              : SUB : 09972649400
2022-02-23 21:28:27.426  INFO wellness-api-857495d74-rqjsn --- [nio-8081-exec-5] c.a.a.w.w.u.CommonUtil                   : Date:::::Wed Feb 23 21:28:27 MMT 2022
2022-02-23 21:28:27.426  INFO wellness-api-857495d74-rqjsn --- [nio-8081-exec-5] c.a.a.w.w.u.CommonUtil                   : Response JsonData:::::myChallenge:::::200:::::Success!
2022-02-23 21:28:27.437  INFO wellness-api-857495d74-rqjsn --- [nio-8081-exec-3] c.a.a.w.w.s.i.ChallengeService           : Current Tier....AbstractVersionTrack(createdDate=2021-01-10 23:14:56.982, createdUserId=1, updatedDate=2021-04-09 14:01:30.12, updatedUserId=10226, version=5, isDelete=false)
2022-02-23 21:28:27.768 DEBUG wellness-api-857495d74-rqjsn --- [nio-8081-exec-6] c.a.a.w.w.c.JwtAuthenticationFilter      : security context was null, so authorizating user
2022-02-23 21:28:27.984  INFO wellness-api-857495d74-rqjsn --- [nio-8081-exec-6] c.a.a.w.w.s.i.MemberService              : SUB : 09972649400
2022-02-23 21:28:28.065  INFO wellness-api-857495d74-rqjsn --- [nio-8081-exec-6] c.a.a.w.w.u.CommonUtil                   : Date:::::Wed Feb 23 21:28:28 MMT 2022
2022-02-23 21:28:28.065  INFO wellness-api-857495d74-rqjsn --- [nio-8081-exec-6] c.a.a.w.w.u.CommonUtil                   : Response JsonData:::::myChallenge:::::200:::::Success!
2022-02-23 21:28:28.561  INFO wellness-api-857495d74-rqjsn --- [nio-8081-exec-3] c.a.a.w.w.u.CommonUtil                   : Date:::::Wed Feb 23 21:28:28 MMT 2022
2022-02-23 21:28:28.561  INFO wellness-api-857495d74-rqjsn --- [nio-8081-exec-3] c.a.a.w.w.u.CommonUtil                   : Response JsonData:::::getChallengeList:::::null:::::null
2022-02-23 21:28:34.287 DEBUG wellness-api-857495d74-rqjsn --- [nio-8081-exec-7] c.a.a.w.w.c.JwtAuthenticationFilter      : security context was null, so authorizating user
2022-02-23 21:28:34.289 DEBUG wellness-api-857495d74-rqjsn --- [nio-8081-exec-8] c.a.a.w.w.c.JwtAuthenticationFilter      : security context was null, so authorizating user
2022-02-23 21:28:34.291 DEBUG wellness-api-857495d74-rqjsn --- [nio-8081-exec-1] c.a.a.w.w.c.JwtAuthenticationFilter      : security context was null, so authorizating user
2022-02-23 21:28:34.373 DEBUG wellness-api-857495d74-rqjsn --- [io-8081-exec-10] c.a.a.w.w.c.JwtAuthenticationFilter      : security context was null, so authorizating user
2022-02-23 21:28:34.645  INFO wellness-api-857495d74-rqjsn --- [nio-8081-exec-7] c.a.a.w.w.s.i.MemberService              : SUB : 09972649400
2022-02-23 21:28:34.745  INFO wellness-api-857495d74-rqjsn --- [io-8081-exec-10] c.a.a.w.w.s.i.MemberService              : SUB : 09972649400
2022-02-23 21:28:34.779  INFO wellness-api-857495d74-rqjsn --- [nio-8081-exec-1] c.a.a.w.w.s.i.ChallengeService           : Challenge Type API...
2022-02-23 21:28:34.786  INFO wellness-api-857495d74-rqjsn --- [nio-8081-exec-1] c.a.a.w.w.u.CommonUtil                   : Date:::::Wed Feb 23 21:28:34 MMT 2022
2022-02-23 21:28:34.787  INFO wellness-api-857495d74-rqjsn --- [nio-8081-exec-1] c.a.a.w.w.u.CommonUtil                   : Response JsonData:::::getChallengeType:::::null:::::null
2022-02-23 21:28:34.795  INFO wellness-api-857495d74-rqjsn --- [nio-8081-exec-7] c.a.a.w.w.c.ChallengeRestController      : Member Id....81
2022-02-23 21:28:34.796  INFO wellness-api-857495d74-rqjsn --- [nio-8081-exec-7] c.a.a.w.w.s.i.ChallengeService           : Completed Challenge API...
2022-02-23 21:28:34.804  INFO wellness-api-857495d74-rqjsn --- [nio-8081-exec-7] c.a.a.w.w.s.i.ChallengeService           : Member Challenge List...[AbstractVersionTrack(createdDate=2022-02-15 09:16:15.447, createdUserId=81, updatedDate=2022-02-15 00:00:00.0, updatedUserId=81, version=2, isDelete=false), AbstractVersionTrack(createdDate=2022-02-14 12:47:37.74, createdUserId=81, updatedDate=2022-02-14 00:00:00.0, updatedUserId=81, version=2, isDelete=false), AbstractVersionTrack(createdDate=2022-02-07 22:18:11.565, createdUserId=81, updatedDate=2022-02-13 00:00:00.0, updatedUserId=81, version=18, isDelete=false), AbstractVersionTrack(createdDate=2021-06-02 14:37:51.658, createdUserId=81, updatedDate=2021-06-02 00:00:00.0, updatedUserId=81, version=1, isDelete=false), AbstractVersionTrack(createdDate=2021-05-24 10:53:51.626, createdUserId=81, updatedDate=2021-05-25 00:00:00.0, updatedUserId=81, version=6, isDelete=false), AbstractVersionTrack(createdDate=2021-05-20 14:43:25.603, createdUserId=81, updatedDate=2021-05-21 00:00:00.0, updatedUserId=81, version=4, isDelete=false), AbstractVersionTrack(createdDate=2021-04-22 12:26:19.606, createdUserId=81, updatedDate=2021-04-22 00:00:00.0, updatedUserId=81, version=1, isDelete=false), AbstractVersionTrack(createdDate=2021-04-12 14:53:36.323, createdUserId=81, updatedDate=2021-04-12 00:00:00.0, updatedUserId=81, version=1, isDelete=false), AbstractVersionTrack(createdDate=2021-03-23 07:42:44.968, createdUserId=81, updatedDate=2021-03-23 12:21:20.078, updatedUserId=81, version=2, isDelete=false), AbstractVersionTrack(createdDate=2021-03-01 06:54:56.345, createdUserId=81, updatedDate=2021-03-01 11:41:26.359, updatedUserId=81, version=1, isDelete=false), AbstractVersionTrack(createdDate=2021-02-25 07:39:44.415, createdUserId=81, updatedDate=2021-02-25 09:51:14.097, updatedUserId=81, version=2, isDelete=false), AbstractVersionTrack(createdDate=2021-01-27 00:00:00.0, createdUserId=81, updatedDate=2021-01-27 18:50:40.63, updatedUserId=81, version=5, isDelete=false), AbstractVersionTrack(createdDate=2021-01-26 00:00:00.0, createdUserId=81, updatedDate=2021-01-26 10:50:53.451, updatedUserId=81, version=1, isDelete=false), AbstractVersionTrack(createdDate=2021-01-22 00:00:00.0, createdUserId=81, updatedDate=2021-01-22 11:11:07.26, updatedUserId=81, version=1, isDelete=false), AbstractVersionTrack(createdDate=2021-01-22 00:00:00.0, createdUserId=81, updatedDate=2021-01-22 11:08:14.627, updatedUserId=81, version=1, isDelete=false), AbstractVersionTrack(createdDate=2021-01-18 00:00:00.0, createdUserId=81, updatedDate=2021-01-18 13:01:16.574, updatedUserId=81, version=7, isDelete=false)]
2022-02-23 21:28:34.806  INFO wellness-api-857495d74-rqjsn --- [nio-8081-exec-8] c.a.a.w.w.s.i.ChallengeService           : Challenge Type API...
2022-02-23 21:28:34.809  INFO wellness-api-857495d74-rqjsn --- [nio-8081-exec-8] c.a.a.w.w.u.CommonUtil                   : Date:::::Wed Feb 23 21:28:34 MMT 2022
2022-02-23 21:28:34.809  INFO wellness-api-857495d74-rqjsn --- [nio-8081-exec-8] c.a.a.w.w.u.CommonUtil                   : Response JsonData:::::getChallengeType:::::null:::::null
2022-02-23 21:28:34.846  INFO wellness-api-857495d74-rqjsn --- [io-8081-exec-10] c.a.a.w.w.u.CommonUtil                   : Date:::::Wed Feb 23 21:28:34 MMT 2022
2022-02-23 21:28:34.846  INFO wellness-api-857495d74-rqjsn --- [io-8081-exec-10] c.a.a.w.w.u.CommonUtil                   : Response JsonData:::::myChallenge:::::200:::::Success!
2022-02-23 21:28:35.032  INFO wellness-api-857495d74-rqjsn --- [nio-8081-exec-7] c.a.a.w.w.s.i.ChallengeService           : Completed Challenge Data...AbstractVersionTrack(createdDate=2022-02-14 19:32:07.422, createdUserId=10226, updatedDate=2022-02-17 13:16:59.828, updatedUserId=10226, version=2, isDelete=true)
2022-02-23 21:28:35.045  INFO wellness-api-857495d74-rqjsn --- [nio-8081-exec-7] c.a.a.w.w.s.i.ChallengeService           : Completed Challenge Data...AbstractVersionTrack(createdDate=2021-06-04 14:21:34.306, createdUserId=10226, updatedDate=2022-02-22 16:05:00.741, updatedUserId=10226, version=5, isDelete=false)
2022-02-23 21:28:35.055  INFO wellness-api-857495d74-rqjsn --- [nio-8081-exec-7] c.a.a.w.w.s.i.ChallengeService           : Completed Challenge Data...AbstractVersionTrack(createdDate=2021-06-18 16:15:04.097, createdUserId=10226, updatedDate=2022-02-21 11:30:40.763, updatedUserId=10226, version=4, isDelete=false)
2022-02-23 21:28:35.068  INFO wellness-api-857495d74-rqjsn --- [nio-8081-exec-7] c.a.a.w.w.s.i.ChallengeService           : Completed Challenge Data...AbstractVersionTrack(createdDate=2021-04-10 00:22:33.046, createdUserId=10226, updatedDate=2022-02-21 10:27:06.936, updatedUserId=10226, version=7, isDelete=false)
2022-02-23 21:28:35.077  INFO wellness-api-857495d74-rqjsn --- [nio-8081-exec-7] c.a.a.w.w.s.i.ChallengeService           : Completed Challenge Data...AbstractVersionTrack(createdDate=2021-04-10 00:24:43.885, createdUserId=10226, updatedDate=2022-02-21 10:29:14.174, updatedUserId=10226, version=9, isDelete=false)
2022-02-23 21:28:35.081  INFO wellness-api-857495d74-rqjsn --- [nio-8081-exec-7] c.a.a.w.w.s.i.ChallengeService           : Completed Challenge Data...AbstractVersionTrack(createdDate=2021-04-10 00:24:43.885, createdUserId=10226, updatedDate=2022-02-21 10:29:14.174, updatedUserId=10226, version=9, isDelete=false)
2022-02-23 21:28:35.319  INFO wellness-api-857495d74-rqjsn --- [nio-8081-exec-7] c.a.a.w.w.s.i.ChallengeService           : Completed Challenge Data...AbstractVersionTrack(createdDate=2021-04-09 22:08:08.228, createdUserId=10226, updatedDate=2021-05-28 14:26:19.359, updatedUserId=10226, version=9, isDelete=true)
2022-02-23 21:28:35.363  INFO wellness-api-857495d74-rqjsn --- [nio-8081-exec-7] c.a.a.w.w.s.i.ChallengeService           : Completed Challenge Data...AbstractVersionTrack(createdDate=2021-04-09 23:44:51.064, createdUserId=10226, updatedDate=2021-05-13 10:46:54.752, updatedUserId=10226, version=4, isDelete=true)
2022-02-23 21:28:35.381  INFO wellness-api-857495d74-rqjsn --- [nio-8081-exec-7] c.a.a.w.w.s.i.ChallengeService           : Completed Challenge Data...AbstractVersionTrack(createdDate=2021-01-10 23:38:12.466, createdUserId=1, updatedDate=2022-02-21 11:31:43.507, updatedUserId=10226, version=20, isDelete=false)
2022-02-23 21:28:35.393  INFO wellness-api-857495d74-rqjsn --- [nio-8081-exec-7] c.a.a.w.w.s.i.ChallengeService           : Completed Challenge Data...AbstractVersionTrack(createdDate=2021-01-10 23:37:17.361, createdUserId=1, updatedDate=2021-04-02 06:24:50.749, updatedUserId=10226, version=5, isDelete=true)
2022-02-23 21:28:35.421  INFO wellness-api-857495d74-rqjsn --- [nio-8081-exec-7] c.a.a.w.w.s.i.ChallengeService           : Completed Challenge Data...AbstractVersionTrack(createdDate=2021-01-21 11:22:43.022, createdUserId=1, updatedDate=2021-04-06 06:19:01.169, updatedUserId=10226, version=8, isDelete=true)
2022-02-23 21:28:35.425  INFO wellness-api-857495d74-rqjsn --- [nio-8081-exec-7] c.a.a.w.w.s.i.ChallengeService           : Completed Challenge Data...AbstractVersionTrack(createdDate=2021-01-10 23:37:17.361, createdUserId=1, updatedDate=2021-04-02 06:24:50.749, updatedUserId=10226, version=5, isDelete=true)
2022-02-23 21:28:35.437  INFO wellness-api-857495d74-rqjsn --- [nio-8081-exec-7] c.a.a.w.w.s.i.ChallengeService           : Completed Challenge Data...AbstractVersionTrack(createdDate=2021-01-18 10:49:53.22, createdUserId=1, updatedDate=2021-04-06 06:28:12.589, updatedUserId=10226, version=8, isDelete=true)
2022-02-23 21:28:35.468  INFO wellness-api-857495d74-rqjsn --- [nio-8081-exec-7] c.a.a.w.w.s.i.ChallengeService           : Completed Challenge Data...AbstractVersionTrack(createdDate=2021-01-18 00:29:16.763, createdUserId=1, updatedDate=2021-04-06 06:24:31.208, updatedUserId=10226, version=8, isDelete=true)
2022-02-23 21:28:35.475  INFO wellness-api-857495d74-rqjsn --- [nio-8081-exec-7] c.a.a.w.w.s.i.ChallengeService           : Completed Challenge Data...AbstractVersionTrack(createdDate=2021-01-18 00:29:16.763, createdUserId=1, updatedDate=2021-04-06 06:24:31.208, updatedUserId=10226, version=8, isDelete=true)
2022-02-23 21:28:35.481  INFO wellness-api-857495d74-rqjsn --- [nio-8081-exec-7] c.a.a.w.w.s.i.ChallengeService           : Completed Challenge Data...AbstractVersionTrack(createdDate=2021-01-10 23:37:17.361, createdUserId=1, updatedDate=2021-04-02 06:24:50.749, updatedUserId=10226, version=5, isDelete=true)
2022-02-23 21:28:35.482  INFO wellness-api-857495d74-rqjsn --- [nio-8081-exec-7] c.a.a.w.w.u.CommonUtil                   : Date:::::Wed Feb 23 21:28:35 MMT 2022
2022-02-23 21:28:35.483  INFO wellness-api-857495d74-rqjsn --- [nio-8081-exec-7] c.a.a.w.w.u.CommonUtil                   : Response JsonData:::::getCompletedChallenge:::::null:::::null
2022-02-23 21:28:36.405 DEBUG wellness-api-857495d74-rqjsn --- [nio-8081-exec-4] c.a.a.w.w.c.JwtAuthenticationFilter      : security context was null, so authorizating user
2022-02-23 21:28:36.602  INFO wellness-api-857495d74-rqjsn --- [nio-8081-exec-4] c.a.a.w.w.s.i.MemberService              : SUB : 09972649400
2022-02-23 21:28:36.661  INFO wellness-api-857495d74-rqjsn --- [nio-8081-exec-4] c.a.a.w.w.c.ChallengeRestController      : Member Id....81
2022-02-23 21:28:36.663  INFO wellness-api-857495d74-rqjsn --- [nio-8081-exec-4] c.a.a.w.w.s.i.ChallengeService           : Challenge List API...
2022-02-23 21:28:36.694  INFO wellness-api-857495d74-rqjsn --- [nio-8081-exec-4] c.a.a.w.w.s.i.ChallengeService           : Current Tier....AbstractVersionTrack(createdDate=2021-01-10 23:14:56.982, createdUserId=1, updatedDate=2021-04-09 14:01:30.12, updatedUserId=10226, version=5, isDelete=false)
2022-02-23 21:28:39.027  INFO wellness-api-857495d74-rqjsn --- [nio-8081-exec-4] c.a.a.w.w.u.CommonUtil                   : Date:::::Wed Feb 23 21:28:39 MMT 2022
2022-02-23 21:28:39.027  INFO wellness-api-857495d74-rqjsn --- [nio-8081-exec-4] c.a.a.w.w.u.CommonUtil                   : Response JsonData:::::getChallengeList:::::null:::::null
2022-02-23 21:28:55.496 DEBUG wellness-api-857495d74-rqjsn --- [nio-8081-exec-2] c.a.a.w.w.c.JwtAuthenticationFilter      : security context was null, so authorizating user
2022-02-23 21:28:55.651  INFO wellness-api-857495d74-rqjsn --- [nio-8081-exec-2] c.a.a.w.w.s.i.MemberService              : SUB : 09972649400
2022-02-23 21:28:55.705  INFO wellness-api-857495d74-rqjsn --- [nio-8081-exec-2] c.a.a.w.w.c.ChallengeRestController      : Member Id....81
2022-02-23 21:28:55.706  INFO wellness-api-857495d74-rqjsn --- [nio-8081-exec-2] c.a.a.w.w.s.i.ChallengeService           : Challenge List API...
2022-02-23 21:28:55.725  INFO wellness-api-857495d74-rqjsn --- [nio-8081-exec-2] c.a.a.w.w.s.i.ChallengeService           : Current Tier....AbstractVersionTrack(createdDate=2021-01-10 23:14:56.982, createdUserId=1, updatedDate=2021-04-09 14:01:30.12, updatedUserId=10226, version=5, isDelete=false)
2022-02-23 21:28:57.527  INFO wellness-api-857495d74-rqjsn --- [nio-8081-exec-2] c.a.a.w.w.u.CommonUtil                   : Date:::::Wed Feb 23 21:28:57 MMT 2022
2022-02-23 21:28:57.528  INFO wellness-api-857495d74-rqjsn --- [nio-8081-exec-2] c.a.a.w.w.u.CommonUtil                   : Response JsonData:::::getChallengeList:::::null:::::null
2022-02-23 21:29:11.393 DEBUG wellness-api-857495d74-rqjsn --- [nio-8081-exec-5] c.a.a.w.w.c.JwtAuthenticationFilter      : security context was null, so authorizating user
2022-02-23 21:29:11.624  INFO wellness-api-857495d74-rqjsn --- [nio-8081-exec-5] c.a.a.w.w.s.i.MemberService              : SUB : 09972649400
2022-02-23 21:29:11.704  INFO wellness-api-857495d74-rqjsn --- [nio-8081-exec-5] c.a.a.w.w.c.ChallengeRestController      : Member Id....81
2022-02-23 21:29:11.705  INFO wellness-api-857495d74-rqjsn --- [nio-8081-exec-5] c.a.a.w.w.s.i.ChallengeService           : Challenge List API...
2022-02-23 21:29:11.734  INFO wellness-api-857495d74-rqjsn --- [nio-8081-exec-5] c.a.a.w.w.s.i.ChallengeService           : Current Tier....AbstractVersionTrack(createdDate=2021-01-10 23:14:56.982, createdUserId=1, updatedDate=2021-04-09 14:01:30.12, updatedUserId=10226, version=5, isDelete=false)
2022-02-23 21:29:13.789  INFO wellness-api-857495d74-rqjsn --- [nio-8081-exec-5] c.a.a.w.w.u.CommonUtil                   : Date:::::Wed Feb 23 21:29:13 MMT 2022
2022-02-23 21:29:13.789  INFO wellness-api-857495d74-rqjsn --- [nio-8081-exec-5] c.a.a.w.w.u.CommonUtil                   : Response JsonData:::::getChallengeList:::::null:::::null
2022-02-23 21:29:24.518 DEBUG wellness-api-857495d74-rqjsn --- [nio-8081-exec-6] c.a.a.w.w.c.JwtAuthenticationFilter      : security context was null, so authorizating user
2022-02-23 21:29:24.661  INFO wellness-api-857495d74-rqjsn --- [nio-8081-exec-6] c.a.a.w.w.s.i.MemberService              : SUB : 09972649400
2022-02-23 21:29:24.715  INFO wellness-api-857495d74-rqjsn --- [nio-8081-exec-6] c.a.a.w.w.c.ChallengeRestController      : Member Id....81
2022-02-23 21:29:24.717  INFO wellness-api-857495d74-rqjsn --- [nio-8081-exec-6] c.a.a.w.w.s.i.ChallengeService           : Challenge List API...
2022-02-23 21:29:24.785  INFO wellness-api-857495d74-rqjsn --- [nio-8081-exec-6] c.a.a.w.w.s.i.ChallengeService           : Current Tier....AbstractVersionTrack(createdDate=2021-01-10 23:14:56.982, createdUserId=1, updatedDate=2021-04-09 14:01:30.12, updatedUserId=10226, version=5, isDelete=false)
2022-02-23 21:29:26.066 DEBUG wellness-api-857495d74-rqjsn --- [nio-8081-exec-9] c.a.a.w.w.c.JwtAuthenticationFilter      : security context was null, so authorizating user
2022-02-23 21:29:26.391  INFO wellness-api-857495d74-rqjsn --- [nio-8081-exec-6] c.a.a.w.w.u.CommonUtil                   : Date:::::Wed Feb 23 21:29:26 MMT 2022
2022-02-23 21:29:26.391  INFO wellness-api-857495d74-rqjsn --- [nio-8081-exec-6] c.a.a.w.w.u.CommonUtil                   : Response JsonData:::::getChallengeList:::::null:::::null
2022-02-23 21:29:26.417  INFO wellness-api-857495d74-rqjsn --- [nio-8081-exec-9] c.a.a.w.w.s.i.MemberService              : SUB : 09972649400
2022-02-23 21:29:26.498  INFO wellness-api-857495d74-rqjsn --- [nio-8081-exec-9] c.a.a.w.w.s.i.DailyStepService           : Old daily step : AbstractVersionTrack(createdDate=2022-02-07 22:16:28.078, createdUserId=81, updatedDate=2022-02-22 02:23:56.695, updatedUserId=81, version=13, isDelete=false)
2022-02-23 21:29:26.533  INFO wellness-api-857495d74-rqjsn --- [nio-8081-exec-9] c.a.a.w.w.s.i.DailyStepService           : Old daily step : AbstractVersionTrack(createdDate=2022-02-07 22:16:28.114, createdUserId=81, updatedDate=2022-02-22 02:23:56.727, updatedUserId=81, version=13, isDelete=false)
2022-02-23 21:29:26.573  INFO wellness-api-857495d74-rqjsn --- [nio-8081-exec-9] c.a.a.w.w.s.i.DailyStepService           : Old daily step : AbstractVersionTrack(createdDate=2022-02-07 22:16:28.152, createdUserId=81, updatedDate=2022-02-22 02:23:56.762, updatedUserId=81, version=13, isDelete=false)
2022-02-23 21:29:26.610  INFO wellness-api-857495d74-rqjsn --- [nio-8081-exec-9] c.a.a.w.w.s.i.DailyStepService           : Old daily step : AbstractVersionTrack(createdDate=2022-02-07 22:16:28.186, createdUserId=81, updatedDate=2022-02-22 02:23:56.797, updatedUserId=81, version=13, isDelete=false)
2022-02-23 21:29:26.649  INFO wellness-api-857495d74-rqjsn --- [nio-8081-exec-9] c.a.a.w.w.s.i.DailyStepService           : Old daily step : AbstractVersionTrack(createdDate=2022-02-07 22:16:28.226, createdUserId=81, updatedDate=2022-02-22 02:23:56.83, updatedUserId=81, version=13, isDelete=false)
2022-02-23 21:29:26.685  INFO wellness-api-857495d74-rqjsn --- [nio-8081-exec-9] c.a.a.w.w.s.i.DailyStepService           : Old daily step : AbstractVersionTrack(createdDate=2022-02-07 22:16:28.269, createdUserId=81, updatedDate=2022-02-22 02:23:56.864, updatedUserId=81, version=13, isDelete=false)
2022-02-23 21:29:26.717  INFO wellness-api-857495d74-rqjsn --- [nio-8081-exec-9] c.a.a.w.w.s.i.DailyStepService           : Old daily step : AbstractVersionTrack(createdDate=2022-02-07 22:16:28.298, createdUserId=81, updatedDate=2022-02-22 02:23:56.897, updatedUserId=81, version=13, isDelete=false)
2022-02-23 21:29:26.752  INFO wellness-api-857495d74-rqjsn --- [nio-8081-exec-9] c.a.a.w.w.s.i.DailyStepService           : Old daily step : AbstractVersionTrack(createdDate=2022-02-07 22:16:28.329, createdUserId=81, updatedDate=2022-02-22 02:23:56.929, updatedUserId=81, version=13, isDelete=false)
2022-02-23 21:29:26.787  INFO wellness-api-857495d74-rqjsn --- [nio-8081-exec-9] c.a.a.w.w.s.i.DailyStepService           : Old daily step : AbstractVersionTrack(createdDate=2022-02-07 22:16:28.362, createdUserId=81, updatedDate=2022-02-22 02:23:56.963, updatedUserId=81, version=13, isDelete=false)
2022-02-23 21:29:26.816  INFO wellness-api-857495d74-rqjsn --- [nio-8081-exec-9] c.a.a.w.w.s.i.DailyStepService           : Old daily step : AbstractVersionTrack(createdDate=2022-02-07 22:16:28.397, createdUserId=81, updatedDate=2022-02-22 02:23:56.993, updatedUserId=81, version=13, isDelete=false)
2022-02-23 21:29:26.846  INFO wellness-api-857495d74-rqjsn --- [nio-8081-exec-9] c.a.a.w.w.s.i.DailyStepService           : Old daily step : AbstractVersionTrack(createdDate=2022-02-07 22:16:28.424, createdUserId=81, updatedDate=2022-02-22 02:23:57.031, updatedUserId=81, version=13, isDelete=false)
2022-02-23 21:29:26.882  INFO wellness-api-857495d74-rqjsn --- [nio-8081-exec-9] c.a.a.w.w.s.i.DailyStepService           : Old daily step : AbstractVersionTrack(createdDate=2022-02-07 22:16:28.458, createdUserId=81, updatedDate=2022-02-22 02:23:57.065, updatedUserId=81, version=13, isDelete=false)
2022-02-23 21:29:26.911  INFO wellness-api-857495d74-rqjsn --- [nio-8081-exec-9] c.a.a.w.w.s.i.DailyStepService           : Old daily step : AbstractVersionTrack(createdDate=2022-02-07 22:16:28.486, createdUserId=81, updatedDate=2022-02-22 02:23:57.097, updatedUserId=81, version=13, isDelete=false)
2022-02-23 21:29:26.943  INFO wellness-api-857495d74-rqjsn --- [nio-8081-exec-9] c.a.a.w.w.s.i.DailyStepService           : Old daily step : AbstractVersionTrack(createdDate=2022-02-07 22:16:28.517, createdUserId=81, updatedDate=2022-02-22 02:23:57.133, updatedUserId=81, version=13, isDelete=false)
2022-02-23 21:29:26.974  INFO wellness-api-857495d74-rqjsn --- [nio-8081-exec-9] c.a.a.w.w.s.i.DailyStepService           : Old daily step : AbstractVersionTrack(createdDate=2022-02-07 22:16:28.546, createdUserId=81, updatedDate=2022-02-22 02:23:57.165, updatedUserId=81, version=13, isDelete=false)
2022-02-23 21:29:27.016  INFO wellness-api-857495d74-rqjsn --- [nio-8081-exec-9] c.a.a.w.w.s.i.DailyStepService           : Old daily step : AbstractVersionTrack(createdDate=2022-02-07 22:16:28.576, createdUserId=81, updatedDate=2022-02-22 02:23:57.2, updatedUserId=81, version=62, isDelete=false)
2022-02-23 21:29:27.047  INFO wellness-api-857495d74-rqjsn --- [nio-8081-exec-9] c.a.a.w.w.s.i.DailyStepService           : Old daily step : AbstractVersionTrack(createdDate=2022-02-08 09:04:15.548, createdUserId=81, updatedDate=2022-02-22 02:23:57.232, updatedUserId=81, version=14, isDelete=false)
2022-02-23 21:29:27.088  INFO wellness-api-857495d74-rqjsn --- [nio-8081-exec-9] c.a.a.w.w.s.i.DailyStepService           : Old daily step : AbstractVersionTrack(createdDate=2022-02-09 15:36:11.751, createdUserId=81, updatedDate=2022-02-22 02:23:57.264, updatedUserId=81, version=37, isDelete=false)
2022-02-23 21:29:27.124  INFO wellness-api-857495d74-rqjsn --- [nio-8081-exec-9] c.a.a.w.w.s.i.DailyStepService           : Old daily step : AbstractVersionTrack(createdDate=2022-02-10 12:45:14.621, createdUserId=81, updatedDate=2022-02-22 02:23:57.294, updatedUserId=81, version=18, isDelete=false)
2022-02-23 21:29:27.154  INFO wellness-api-857495d74-rqjsn --- [nio-8081-exec-9] c.a.a.w.w.s.i.DailyStepService           : Old daily step : AbstractVersionTrack(createdDate=2022-02-13 22:06:31.002, createdUserId=81, updatedDate=2022-02-22 02:23:57.327, updatedUserId=81, version=9, isDelete=false)
2022-02-23 21:29:27.199  INFO wellness-api-857495d74-rqjsn --- [nio-8081-exec-9] c.a.a.w.w.s.i.DailyStepService           : Old daily step : AbstractVersionTrack(createdDate=2022-02-13 22:06:31.053, createdUserId=81, updatedDate=2022-02-22 02:23:57.36, updatedUserId=81, version=9, isDelete=false)
2022-02-23 21:29:27.243  INFO wellness-api-857495d74-rqjsn --- [nio-8081-exec-9] c.a.a.w.w.s.i.DailyStepService           : Old daily step : AbstractVersionTrack(createdDate=2022-02-13 22:06:34.257, createdUserId=81, updatedDate=2022-02-22 02:23:57.393, updatedUserId=81, version=40, isDelete=false)
2022-02-23 21:29:27.279  INFO wellness-api-857495d74-rqjsn --- [nio-8081-exec-9] c.a.a.w.w.s.i.DailyStepService           : Old daily step : AbstractVersionTrack(createdDate=2022-02-14 12:00:49.831, createdUserId=81, updatedDate=2022-02-22 02:23:57.428, updatedUserId=81, version=58, isDelete=false)
2022-02-23 21:29:27.313  INFO wellness-api-857495d74-rqjsn --- [nio-8081-exec-9] c.a.a.w.w.s.i.DailyStepService           : Old daily step : AbstractVersionTrack(createdDate=2022-02-15 09:13:20.545, createdUserId=81, updatedDate=2022-02-22 02:23:57.469, updatedUserId=81, version=36, isDelete=false)
2022-02-23 21:29:27.346  INFO wellness-api-857495d74-rqjsn --- [nio-8081-exec-9] c.a.a.w.w.s.i.DailyStepService           : Old daily step : AbstractVersionTrack(createdDate=2022-02-17 13:34:16.267, createdUserId=81, updatedDate=2022-02-22 02:23:57.504, updatedUserId=81, version=6, isDelete=false)
2022-02-23 21:29:27.403  INFO wellness-api-857495d74-rqjsn --- [nio-8081-exec-9] c.a.a.w.w.s.i.DailyStepService           : Old daily step : AbstractVersionTrack(createdDate=2022-02-17 13:34:16.295, createdUserId=81, updatedDate=2022-02-22 02:23:57.541, updatedUserId=81, version=25, isDelete=false)
2022-02-23 21:29:27.438  INFO wellness-api-857495d74-rqjsn --- [nio-8081-exec-9] c.a.a.w.w.s.i.DailyStepService           : Old daily step : AbstractVersionTrack(createdDate=2022-02-18 12:43:03.315, createdUserId=81, updatedDate=2022-02-22 02:23:57.576, updatedUserId=81, version=37, isDelete=false)
2022-02-23 21:29:27.471  INFO wellness-api-857495d74-rqjsn --- [nio-8081-exec-9] c.a.a.w.w.s.i.DailyStepService           : Old daily step : AbstractVersionTrack(createdDate=2022-02-20 21:42:35.715, createdUserId=81, updatedDate=2022-02-22 02:23:57.609, updatedUserId=81, version=4, isDelete=false)
2022-02-23 21:29:27.525  INFO wellness-api-857495d74-rqjsn --- [nio-8081-exec-9] c.a.a.w.w.s.i.DailyStepService           : Old daily step : AbstractVersionTrack(createdDate=2022-02-20 21:42:35.745, createdUserId=81, updatedDate=2022-02-22 02:23:57.64, updatedUserId=81, version=7, isDelete=false)
2022-02-23 21:29:27.553  INFO wellness-api-857495d74-rqjsn --- [nio-8081-exec-9] c.a.a.w.w.s.i.DailyStepService           : Old daily step : AbstractVersionTrack(createdDate=2022-02-21 10:34:00.334, createdUserId=81, updatedDate=2022-02-22 02:23:57.67, updatedUserId=81, version=14, isDelete=false)
2022-02-23 21:29:27.603  INFO wellness-api-857495d74-rqjsn --- [nio-8081-exec-9] c.a.a.w.w.s.i.DailyStepService           : Old daily step : AbstractVersionTrack(createdDate=2022-02-22 02:23:26.765, createdUserId=81, updatedDate=2022-02-23 21:28:27.189, updatedUserId=81, version=18, isDelete=false)
2022-02-23 21:29:27.642  INFO wellness-api-857495d74-rqjsn --- [nio-8081-exec-9] c.a.a.w.w.s.i.DailyStepService           : Old daily step : AbstractVersionTrack(createdDate=2022-02-23 21:28:27.259, createdUserId=81, updatedDate=null, updatedUserId=0, version=0, isDelete=false)
2022-02-23 21:29:28.031 DEBUG wellness-api-857495d74-rqjsn --- [nio-8081-exec-3] c.a.a.w.w.c.JwtAuthenticationFilter      : security context was null, so authorizating user
2022-02-23 21:29:28.195  INFO wellness-api-857495d74-rqjsn --- [nio-8081-exec-3] c.a.a.w.w.s.i.MemberService              : SUB : 09972649400
2022-02-23 21:29:28.260  INFO wellness-api-857495d74-rqjsn --- [nio-8081-exec-3] c.a.a.w.w.u.CommonUtil                   : Date:::::Wed Feb 23 21:29:28 MMT 2022
2022-02-23 21:29:28.260  INFO wellness-api-857495d74-rqjsn --- [nio-8081-exec-3] c.a.a.w.w.u.CommonUtil                   : Response JsonData:::::myChallenge:::::200:::::Success!
2022-02-23 21:29:54.831 DEBUG wellness-api-857495d74-rqjsn --- [nio-8081-exec-8] c.a.a.w.w.c.JwtAuthenticationFilter      : security context was null, so authorizating user
2022-02-23 21:29:54.974  INFO wellness-api-857495d74-rqjsn --- [nio-8081-exec-8] c.a.a.w.w.s.i.MemberService              : SUB : 09972649400
2022-02-23 21:29:55.022  INFO wellness-api-857495d74-rqjsn --- [nio-8081-exec-8] c.a.a.w.w.c.ChallengeRestController      : Member Id....81
2022-02-23 21:29:55.024  INFO wellness-api-857495d74-rqjsn --- [nio-8081-exec-8] c.a.a.w.w.s.i.ChallengeService           : Challenge List API...
2022-02-23 21:29:55.067  INFO wellness-api-857495d74-rqjsn --- [nio-8081-exec-8] c.a.a.w.w.s.i.ChallengeService           : Current Tier....AbstractVersionTrack(createdDate=2021-01-10 23:14:56.982, createdUserId=1, updatedDate=2021-04-09 14:01:30.12, updatedUserId=10226, version=5, isDelete=false)
2022-02-23 21:29:57.235  INFO wellness-api-857495d74-rqjsn --- [nio-8081-exec-8] c.a.a.w.w.u.CommonUtil                   : Date:::::Wed Feb 23 21:29:57 MMT 2022
2022-02-23 21:29:57.236  INFO wellness-api-857495d74-rqjsn --- [nio-8081-exec-8] c.a.a.w.w.u.CommonUtil                   : Response JsonData:::::getChallengeList:::::null:::::null
2022-02-23 21:30:26.186 DEBUG wellness-api-857495d74-rqjsn --- [nio-8081-exec-1] c.a.a.w.w.c.JwtAuthenticationFilter      : security context was null, so authorizating user
2022-02-23 21:30:26.365  INFO wellness-api-857495d74-rqjsn --- [nio-8081-exec-1] c.a.a.w.w.s.i.MemberService              : SUB : 09972649400
2022-02-23 21:30:26.445  INFO wellness-api-857495d74-rqjsn --- [nio-8081-exec-1] c.a.a.w.w.s.i.DailyStepService           : Old daily step : AbstractVersionTrack(createdDate=2022-02-23 21:28:27.259, createdUserId=81, updatedDate=2022-02-23 21:29:27.642, updatedUserId=81, version=1, isDelete=false)
2022-02-23 21:30:26.869 DEBUG wellness-api-857495d74-rqjsn --- [io-8081-exec-10] c.a.a.w.w.c.JwtAuthenticationFilter      : security context was null, so authorizating user
2022-02-23 21:30:27.003  INFO wellness-api-857495d74-rqjsn --- [io-8081-exec-10] c.a.a.w.w.s.i.MemberService              : SUB : 09972649400
2022-02-23 21:30:27.054  INFO wellness-api-857495d74-rqjsn --- [io-8081-exec-10] c.a.a.w.w.u.CommonUtil                   : Date:::::Wed Feb 23 21:30:27 MMT 2022
2022-02-23 21:30:27.054  INFO wellness-api-857495d74-rqjsn --- [io-8081-exec-10] c.a.a.w.w.u.CommonUtil                   : Response JsonData:::::myChallenge:::::200:::::Success!
