2022-03-16 00:01:00.000  INFO wellness-api-5d877dd8b9-5jh4v --- [   scheduling-1] c.a.a.w.w.s.i.MemberChallengeService     : ****Challenge End*****
2022-03-16 00:01:00.157  INFO wellness-api-5d877dd8b9-5jh4v --- [   scheduling-1] c.a.a.w.w.c.CustomDataSource             : get connection from super exception, re generate the access token begin
2022-03-16 00:01:00.158  INFO wellness-api-5d877dd8b9-5jh4v --- [pool-8-thread-1] c.m.a.a.AuthenticationAuthority          : [Correlation ID: 4a9e2e8f-428c-4bc9-b0eb-fe7b3760a75a] Instance discovery was successful
2022-03-16 00:01:01.623 ERROR wellness-api-5d877dd8b9-5jh4v --- [   scheduling-1] c.a.a.w.w.s.i.PushNotificationService    : com.google.firebase.messaging.FirebaseMessagingException: Requested entity was not found.
2022-03-16 00:01:02.001 ERROR wellness-api-5d877dd8b9-5jh4v --- [   scheduling-1] c.a.a.w.w.s.i.PushNotificationService    : com.google.firebase.messaging.FirebaseMessagingException: Requested entity was not found.
2022-03-16 00:01:02.236 ERROR wellness-api-5d877dd8b9-5jh4v --- [   scheduling-1] c.a.a.w.w.s.i.PushNotificationService    : com.google.firebase.messaging.FirebaseMessagingException: Requested entity was not found.
2022-03-16 08:15:09.444  INFO wellness-api-5d877dd8b9-5jh4v --- [nio-8081-exec-5] c.a.a.w.w.c.CustomDataSource             : get connection from super exception, re generate the access token begin
2022-03-16 08:15:09.447  INFO wellness-api-5d877dd8b9-5jh4v --- [pool-9-thread-1] c.m.a.a.AuthenticationAuthority          : [Correlation ID: 4fb487c3-4456-4d58-8cde-1d660392ed60] Instance discovery was successful
2022-03-16 11:19:45.910 DEBUG wellness-api-5d877dd8b9-5jh4v --- [nio-8081-exec-9] c.a.a.w.w.c.JwtAuthenticationFilter      : security context was null, so authorizating user
2022-03-16 11:19:46.018 DEBUG wellness-api-5d877dd8b9-5jh4v --- [nio-8081-exec-7] c.a.a.w.w.c.JwtAuthenticationFilter      : security context was null, so authorizating user
2022-03-16 11:19:46.018 DEBUG wellness-api-5d877dd8b9-5jh4v --- [nio-8081-exec-8] c.a.a.w.w.c.JwtAuthenticationFilter      : security context was null, so authorizating user
2022-03-16 11:19:46.023 DEBUG wellness-api-5d877dd8b9-5jh4v --- [nio-8081-exec-6] c.a.a.w.w.c.JwtAuthenticationFilter      : security context was null, so authorizating user
2022-03-16 11:19:46.030 DEBUG wellness-api-5d877dd8b9-5jh4v --- [io-8081-exec-10] c.a.a.w.w.c.JwtAuthenticationFilter      : security context was null, so authorizating user
2022-03-16 11:19:46.030 DEBUG wellness-api-5d877dd8b9-5jh4v --- [nio-8081-exec-5] c.a.a.w.w.c.JwtAuthenticationFilter      : security context was null, so authorizating user
2022-03-16 11:19:46.246  INFO wellness-api-5d877dd8b9-5jh4v --- [nio-8081-exec-8] c.a.a.w.w.s.i.MemberService              : SUB : 09450014670
2022-03-16 11:19:46.247  INFO wellness-api-5d877dd8b9-5jh4v --- [nio-8081-exec-7] c.a.a.w.w.c.ChallengeRestController      : ====== Start getChallengeList API =====
2022-03-16 11:19:46.247  INFO wellness-api-5d877dd8b9-5jh4v --- [nio-8081-exec-7] c.a.a.w.w.c.ChallengeRestController      : getChallengeList API (Request) : {"challengeTypeId":0,"features":1,"challengeId":null}
2022-03-16 11:19:46.248  INFO wellness-api-5d877dd8b9-5jh4v --- [nio-8081-exec-7] c.a.a.w.w.s.i.MemberService              : SUB : 09450014670
2022-03-16 11:19:46.282  INFO wellness-api-5d877dd8b9-5jh4v --- [nio-8081-exec-5] c.a.a.w.w.s.i.MemberService              : SUB : 09450014670
2022-03-16 11:19:46.308  INFO wellness-api-5d877dd8b9-5jh4v --- [nio-8081-exec-7] c.a.a.w.w.c.ChallengeRestController      : Member Id : 10266
2022-03-16 11:19:46.308  INFO wellness-api-5d877dd8b9-5jh4v --- [nio-8081-exec-7] c.a.a.w.w.c.ChallengeRestController      : Member Name : Htoo Myat
2022-03-16 11:19:46.338  INFO wellness-api-5d877dd8b9-5jh4v --- [nio-8081-exec-8] c.a.a.w.w.s.i.MemberChallengeService     : **********Challenge Progress********0.0
2022-03-16 11:19:46.842 DEBUG wellness-api-5d877dd8b9-5jh4v --- [nio-8081-exec-3] c.a.a.w.w.c.JwtAuthenticationFilter      : security context was null, so authorizating user
2022-03-16 11:19:46.925  INFO wellness-api-5d877dd8b9-5jh4v --- [nio-8081-exec-7] c.a.a.w.w.s.i.ChallengeService           : Get Special Challenge List By ChallengeType : 4
2022-03-16 11:19:46.925  INFO wellness-api-5d877dd8b9-5jh4v --- [nio-8081-exec-7] c.a.a.w.w.s.i.ChallengeService           : Total Challenge Count : 4
2022-03-16 11:19:46.927  INFO wellness-api-5d877dd8b9-5jh4v --- [nio-8081-exec-7] c.a.a.w.w.s.i.ChallengeService           : Member Tier : Challenge Conqueror
2022-03-16 11:19:46.927  INFO wellness-api-5d877dd8b9-5jh4v --- [nio-8081-exec-7] c.a.a.w.w.s.i.ChallengeService           : Start Challenge Object Mapping
2022-03-16 11:19:46.927  INFO wellness-api-5d877dd8b9-5jh4v --- [nio-8081-exec-7] c.a.a.w.w.s.i.ChallengeService           : Challenge Name : 50% OFF Sunday brunch voucher at Melia
2022-03-16 11:19:46.946  INFO wellness-api-5d877dd8b9-5jh4v --- [nio-8081-exec-7] c.a.a.w.w.s.i.ChallengeService           : Challenge Name : Free Private Yoga Lesson
2022-03-16 11:19:46.960  INFO wellness-api-5d877dd8b9-5jh4v --- [nio-8081-exec-7] c.a.a.w.w.s.i.ChallengeService           : Challenge Name : 30% Off Staycation at Pan Pacific Hotel
2022-03-16 11:19:46.962  INFO wellness-api-5d877dd8b9-5jh4v --- [nio-8081-exec-7] c.a.a.w.w.s.i.ChallengeService           : Challenge Name : UAT Special Test 1 Challenge
2022-03-16 11:19:46.972  INFO wellness-api-5d877dd8b9-5jh4v --- [nio-8081-exec-7] c.a.a.w.w.s.i.ChallengeService           : End Challenge Object Mapping
2022-03-16 11:19:46.980  INFO wellness-api-5d877dd8b9-5jh4v --- [nio-8081-exec-7] c.a.a.w.w.c.ChallengeRestController      : getChallengeList API (Response) : {"timestamp":1647406186973,"responseCode":200,"responseDescription":"Success!","data":[{"id":122,"name":"Free Private Yoga Lesson","description":"Take 50 steps within a day to unlock free private yoga lesson","totalPeriodDays":1,"dailyMiniumSteps":10,"totalSteps":10,"earnPoint":0,"actualDay":1,"rewardType":"Freebies","rewardName":"Free Private Yoga Lesson","rewardDescription":"unlock free private yoga lesson","hightlight":"","photo":null,"photoUrl":"https://uat.aia.com.mm/api/photos/challenge/challenge_122_Yoga.png","challengeType":"Special Challenge","requirements":["Challenge Conqueror"],"challengeStartDate":"2021-04-10","challengeEndDate":"2022-03-31","special":true,"enable":true},{"id":148,"name":"UAT Special Test 1 Challenge","description":"finish 10 steps within one day","totalPeriodDays":1,"dailyMiniumSteps":10,"totalSteps":10,"earnPoint":0,"actualDay":1,"rewardType":"Freebies","rewardName":"Free Private Yoga Lesson","rewardDescription":"unlock free private yoga lesson","hightlight":"","photo":null,"photoUrl":"https://uat.aia.com.mm/api/photos/challenge/challenge_148_1mb.png","challengeType":"Special Challenge","requirements":["Challenge Conqueror"],"challengeStartDate":"2022-02-15","challengeEndDate":"2022-03-30","special":true,"enable":true}],"memberChallenge":null}
2022-03-16 11:19:46.980  INFO wellness-api-5d877dd8b9-5jh4v --- [nio-8081-exec-7] c.a.a.w.w.c.ChallengeRestController      : ====== End getChallengeList API =====
2022-03-16 11:19:47.018  INFO wellness-api-5d877dd8b9-5jh4v --- [nio-8081-exec-3] c.a.a.w.w.s.i.MemberService              : SUB : 09450014670
2022-03-16 11:19:47.093  INFO wellness-api-5d877dd8b9-5jh4v --- [nio-8081-exec-3] c.a.a.w.w.s.i.MemberChallengeService     : **********Challenge Progress********
2022-03-16 11:19:47.095  INFO wellness-api-5d877dd8b9-5jh4v --- [nio-8081-exec-3] c.a.a.w.w.u.CommonUtil                   : Date:::::Wed Mar 16 11:19:47 MMT 2022
2022-03-16 11:19:47.095  INFO wellness-api-5d877dd8b9-5jh4v --- [nio-8081-exec-3] c.a.a.w.w.u.CommonUtil                   : Response JsonData:::::myChallenge:::::200:::::Success!
2022-03-16 11:19:47.175 DEBUG wellness-api-5d877dd8b9-5jh4v --- [nio-8081-exec-4] c.a.a.w.w.c.JwtAuthenticationFilter      : security context was null, so authorizating user
2022-03-16 11:19:47.307  INFO wellness-api-5d877dd8b9-5jh4v --- [nio-8081-exec-4] c.a.a.w.w.s.i.MemberService              : SUB : 09450014670
2022-03-16 11:19:47.364  INFO wellness-api-5d877dd8b9-5jh4v --- [nio-8081-exec-4] c.a.a.w.w.s.i.DailyStepService           : Old daily step : AbstractVersionTrack(createdDate=2022-03-15 10:33:49.977, createdUserId=10266, updatedDate=2022-03-15 22:54:05.591, updatedUserId=10266, version=78, isDelete=false)
2022-03-16 11:19:47.420  INFO wellness-api-5d877dd8b9-5jh4v --- [nio-8081-exec-4] c.a.a.w.w.s.i.DailyStepService           : Old daily step : null
2022-03-16 11:19:47.473  INFO wellness-api-5d877dd8b9-5jh4v --- [nio-8081-exec-4] c.a.a.w.w.s.i.MemberChallengeService     : **********Challenge Progress********100.0
2022-03-16 11:19:48.010 DEBUG wellness-api-5d877dd8b9-5jh4v --- [nio-8081-exec-2] c.a.a.w.w.c.JwtAuthenticationFilter      : security context was null, so authorizating user
2022-03-16 11:19:48.122  INFO wellness-api-5d877dd8b9-5jh4v --- [nio-8081-exec-2] c.a.a.w.w.s.i.MemberService              : SUB : 09450014670
2022-03-16 11:19:48.192  INFO wellness-api-5d877dd8b9-5jh4v --- [nio-8081-exec-2] c.a.a.w.w.s.i.MemberChallengeService     : **********Challenge Progress********
2022-03-16 11:19:48.194  INFO wellness-api-5d877dd8b9-5jh4v --- [nio-8081-exec-2] c.a.a.w.w.u.CommonUtil                   : Date:::::Wed Mar 16 11:19:48 MMT 2022
2022-03-16 11:19:48.194  INFO wellness-api-5d877dd8b9-5jh4v --- [nio-8081-exec-2] c.a.a.w.w.u.CommonUtil                   : Response JsonData:::::myChallenge:::::200:::::Success!
2022-03-16 11:20:03.373 DEBUG wellness-api-5d877dd8b9-5jh4v --- [nio-8081-exec-1] c.a.a.w.w.c.JwtAuthenticationFilter      : security context was null, so authorizating user
2022-03-16 11:20:03.388 DEBUG wellness-api-5d877dd8b9-5jh4v --- [nio-8081-exec-8] c.a.a.w.w.c.JwtAuthenticationFilter      : security context was null, so authorizating user
2022-03-16 11:20:03.477 DEBUG wellness-api-5d877dd8b9-5jh4v --- [nio-8081-exec-9] c.a.a.w.w.c.JwtAuthenticationFilter      : security context was null, so authorizating user
2022-03-16 11:20:03.477 DEBUG wellness-api-5d877dd8b9-5jh4v --- [io-8081-exec-10] c.a.a.w.w.c.JwtAuthenticationFilter      : security context was null, so authorizating user
2022-03-16 11:20:03.724  INFO wellness-api-5d877dd8b9-5jh4v --- [nio-8081-exec-8] c.a.a.w.w.s.i.MemberService              : SUB : 09450014670
2022-03-16 11:20:03.797  INFO wellness-api-5d877dd8b9-5jh4v --- [nio-8081-exec-1] c.a.a.w.w.s.i.ChallengeService           : Challenge Type API...
2022-03-16 11:20:03.800  INFO wellness-api-5d877dd8b9-5jh4v --- [nio-8081-exec-1] c.a.a.w.w.u.CommonUtil                   : Date:::::Wed Mar 16 11:20:03 MMT 2022
2022-03-16 11:20:03.800  INFO wellness-api-5d877dd8b9-5jh4v --- [nio-8081-exec-1] c.a.a.w.w.u.CommonUtil                   : Response JsonData:::::getChallengeType:::::null:::::null
2022-03-16 11:20:03.809  INFO wellness-api-5d877dd8b9-5jh4v --- [nio-8081-exec-8] c.a.a.w.w.s.i.MemberChallengeService     : **********Challenge Progress********
2022-03-16 11:20:03.810  INFO wellness-api-5d877dd8b9-5jh4v --- [nio-8081-exec-8] c.a.a.w.w.u.CommonUtil                   : Date:::::Wed Mar 16 11:20:03 MMT 2022
2022-03-16 11:20:03.810  INFO wellness-api-5d877dd8b9-5jh4v --- [nio-8081-exec-8] c.a.a.w.w.u.CommonUtil                   : Response JsonData:::::myChallenge:::::200:::::Success!
2022-03-16 11:20:03.843  INFO wellness-api-5d877dd8b9-5jh4v --- [nio-8081-exec-9] c.a.a.w.w.s.i.MemberService              : SUB : 09450014670
2022-03-16 11:20:03.892  INFO wellness-api-5d877dd8b9-5jh4v --- [nio-8081-exec-9] c.a.a.w.w.c.ChallengeRestController      : Member Id....10266
2022-03-16 11:20:03.893  INFO wellness-api-5d877dd8b9-5jh4v --- [nio-8081-exec-9] c.a.a.w.w.s.i.ChallengeService           : Completed Challenge API...
2022-03-16 11:20:03.896  INFO wellness-api-5d877dd8b9-5jh4v --- [nio-8081-exec-9] c.a.a.w.w.s.i.ChallengeService           : Member Challenge List...[AbstractVersionTrack(createdDate=2022-03-10 15:03:47.302, createdUserId=10266, updatedDate=2022-03-11 00:00:00.0, updatedUserId=10266, version=4, isDelete=false), AbstractVersionTrack(createdDate=2022-03-10 11:31:53.894, createdUserId=10266, updatedDate=2022-03-10 00:00:00.0, updatedUserId=10266, version=2, isDelete=false), AbstractVersionTrack(createdDate=2022-03-08 20:50:56.923, createdUserId=10266, updatedDate=2022-03-09 00:00:00.0, updatedUserId=10266, version=3, isDelete=false), AbstractVersionTrack(createdDate=2022-03-04 16:07:07.769, createdUserId=10266, updatedDate=2022-03-04 00:00:00.0, updatedUserId=10266, version=2, isDelete=false), AbstractVersionTrack(createdDate=2022-02-26 08:15:08.492, createdUserId=10266, updatedDate=2022-03-02 00:00:00.0, updatedUserId=10266, version=21, isDelete=false), AbstractVersionTrack(createdDate=2022-02-24 16:24:16.173, createdUserId=10266, updatedDate=2022-02-24 00:00:00.0, updatedUserId=10266, version=3, isDelete=false), AbstractVersionTrack(createdDate=2022-02-07 22:14:38.147, createdUserId=10266, updatedDate=2022-02-12 00:00:00.0, updatedUserId=10266, version=42, isDelete=false), AbstractVersionTrack(createdDate=2021-04-25 14:44:53.297, createdUserId=10266, updatedDate=2021-04-25 00:00:00.0, updatedUserId=10266, version=1, isDelete=false)]
2022-03-16 11:20:03.903  INFO wellness-api-5d877dd8b9-5jh4v --- [io-8081-exec-10] c.a.a.w.w.s.i.ChallengeService           : Challenge Type API...
2022-03-16 11:20:03.904  INFO wellness-api-5d877dd8b9-5jh4v --- [io-8081-exec-10] c.a.a.w.w.u.CommonUtil                   : Date:::::Wed Mar 16 11:20:03 MMT 2022
2022-03-16 11:20:03.904  INFO wellness-api-5d877dd8b9-5jh4v --- [io-8081-exec-10] c.a.a.w.w.u.CommonUtil                   : Response JsonData:::::getChallengeType:::::null:::::null
2022-03-16 11:20:04.106  INFO wellness-api-5d877dd8b9-5jh4v --- [nio-8081-exec-9] c.a.a.w.w.s.i.ChallengeService           : Completed Challenge Data...AbstractVersionTrack(createdDate=2022-02-14 19:38:06.989, createdUserId=10226, updatedDate=null, updatedUserId=0, version=0, isDelete=false)
2022-03-16 11:20:04.204  INFO wellness-api-5d877dd8b9-5jh4v --- [nio-8081-exec-9] c.a.a.w.w.s.i.ChallengeService           : Completed Challenge Data...AbstractVersionTrack(createdDate=2021-01-10 23:38:12.466, createdUserId=1, updatedDate=2022-02-21 11:31:43.507, updatedUserId=10226, version=20, isDelete=false)
2022-03-16 11:20:04.207  INFO wellness-api-5d877dd8b9-5jh4v --- [nio-8081-exec-9] c.a.a.w.w.s.i.ChallengeService           : Completed Challenge Data...AbstractVersionTrack(createdDate=2021-01-10 23:38:12.466, createdUserId=1, updatedDate=2022-02-21 11:31:43.507, updatedUserId=10226, version=20, isDelete=false)
2022-03-16 11:20:04.209  INFO wellness-api-5d877dd8b9-5jh4v --- [nio-8081-exec-9] c.a.a.w.w.s.i.ChallengeService           : Completed Challenge Data...AbstractVersionTrack(createdDate=2021-01-10 23:38:12.466, createdUserId=1, updatedDate=2022-02-21 11:31:43.507, updatedUserId=10226, version=20, isDelete=false)
2022-03-16 11:20:04.212  INFO wellness-api-5d877dd8b9-5jh4v --- [nio-8081-exec-9] c.a.a.w.w.s.i.ChallengeService           : Completed Challenge Data...AbstractVersionTrack(createdDate=2021-06-18 16:15:04.097, createdUserId=10226, updatedDate=2022-02-21 11:30:40.763, updatedUserId=10226, version=4, isDelete=false)
2022-03-16 11:20:04.215  INFO wellness-api-5d877dd8b9-5jh4v --- [nio-8081-exec-9] c.a.a.w.w.s.i.ChallengeService           : Completed Challenge Data...AbstractVersionTrack(createdDate=2021-01-10 23:38:12.466, createdUserId=1, updatedDate=2022-02-21 11:31:43.507, updatedUserId=10226, version=20, isDelete=false)
2022-03-16 11:20:04.268  INFO wellness-api-5d877dd8b9-5jh4v --- [nio-8081-exec-9] c.a.a.w.w.s.i.ChallengeService           : Completed Challenge Data...AbstractVersionTrack(createdDate=2021-04-06 06:25:53.756, createdUserId=10226, updatedDate=2022-02-21 11:28:19.504, updatedUserId=10226, version=11, isDelete=false)
2022-03-16 11:20:04.271  INFO wellness-api-5d877dd8b9-5jh4v --- [nio-8081-exec-9] c.a.a.w.w.s.i.ChallengeService           : Completed Challenge Data...AbstractVersionTrack(createdDate=2021-01-10 23:38:12.466, createdUserId=1, updatedDate=2022-02-21 11:31:43.507, updatedUserId=10226, version=20, isDelete=false)
2022-03-16 11:20:04.271  INFO wellness-api-5d877dd8b9-5jh4v --- [nio-8081-exec-9] c.a.a.w.w.u.CommonUtil                   : Date:::::Wed Mar 16 11:20:04 MMT 2022
2022-03-16 11:20:04.271  INFO wellness-api-5d877dd8b9-5jh4v --- [nio-8081-exec-9] c.a.a.w.w.u.CommonUtil                   : Response JsonData:::::getCompletedChallenge:::::null:::::null
2022-03-16 11:20:05.958 DEBUG wellness-api-5d877dd8b9-5jh4v --- [nio-8081-exec-7] c.a.a.w.w.c.JwtAuthenticationFilter      : security context was null, so authorizating user
2022-03-16 11:20:06.082  INFO wellness-api-5d877dd8b9-5jh4v --- [nio-8081-exec-7] c.a.a.w.w.c.ChallengeRestController      : ====== Start getChallengeList API =====
2022-03-16 11:20:06.083  INFO wellness-api-5d877dd8b9-5jh4v --- [nio-8081-exec-7] c.a.a.w.w.c.ChallengeRestController      : getChallengeList API (Request) : {"challengeTypeId":1,"features":0,"challengeId":null}
2022-03-16 11:20:06.083  INFO wellness-api-5d877dd8b9-5jh4v --- [nio-8081-exec-7] c.a.a.w.w.s.i.MemberService              : SUB : 09450014670
2022-03-16 11:20:06.130  INFO wellness-api-5d877dd8b9-5jh4v --- [nio-8081-exec-7] c.a.a.w.w.c.ChallengeRestController      : Member Id : 10266
2022-03-16 11:20:06.130  INFO wellness-api-5d877dd8b9-5jh4v --- [nio-8081-exec-7] c.a.a.w.w.c.ChallengeRestController      : Member Name : Htoo Myat
2022-03-16 11:20:06.672  INFO wellness-api-5d877dd8b9-5jh4v --- [nio-8081-exec-7] c.a.a.w.w.s.i.ChallengeService           : Get Challenge List By ChallengeType : 6
2022-03-16 11:20:06.673  INFO wellness-api-5d877dd8b9-5jh4v --- [nio-8081-exec-7] c.a.a.w.w.s.i.ChallengeService           : Total Challenge Count : 6
2022-03-16 11:20:06.674  INFO wellness-api-5d877dd8b9-5jh4v --- [nio-8081-exec-7] c.a.a.w.w.s.i.ChallengeService           : Member Tier : Challenge Conqueror
2022-03-16 11:20:06.674  INFO wellness-api-5d877dd8b9-5jh4v --- [nio-8081-exec-7] c.a.a.w.w.s.i.ChallengeService           : Start Challenge Object Mapping
2022-03-16 11:20:06.674  INFO wellness-api-5d877dd8b9-5jh4v --- [nio-8081-exec-7] c.a.a.w.w.s.i.ChallengeService           : Challenge Name : ZWEGABIN
2022-03-16 11:20:06.675  INFO wellness-api-5d877dd8b9-5jh4v --- [nio-8081-exec-7] c.a.a.w.w.s.i.ChallengeService           : Challenge Name : KYAIKTIYO
2022-03-16 11:20:06.675  INFO wellness-api-5d877dd8b9-5jh4v --- [nio-8081-exec-7] c.a.a.w.w.s.i.ChallengeService           : Challenge Name : Mandalay Hill
2022-03-16 11:20:06.675  INFO wellness-api-5d877dd8b9-5jh4v --- [nio-8081-exec-7] c.a.a.w.w.s.i.ChallengeService           : Challenge Name : Test Noti Daily Challenge
2022-03-16 11:20:06.676  INFO wellness-api-5d877dd8b9-5jh4v --- [nio-8081-exec-7] c.a.a.w.w.s.i.ChallengeService           : Challenge Name : Test Level Up Challenge
2022-03-16 11:20:06.676  INFO wellness-api-5d877dd8b9-5jh4v --- [nio-8081-exec-7] c.a.a.w.w.s.i.ChallengeService           : Challenge Name : Test daily challenge noti
2022-03-16 11:20:06.678  INFO wellness-api-5d877dd8b9-5jh4v --- [nio-8081-exec-7] c.a.a.w.w.s.i.ChallengeService           : End Challenge Object Mapping
2022-03-16 11:20:06.681  INFO wellness-api-5d877dd8b9-5jh4v --- [nio-8081-exec-7] c.a.a.w.w.c.ChallengeRestController      : getChallengeList API (Response) : {"timestamp":1647406206679,"responseCode":200,"responseDescription":"Success!","data":[{"id":2,"name":"ZWEGABIN","description":"finish 1,00 steps within one day!\r\n","totalPeriodDays":1,"dailyMiniumSteps":100,"totalSteps":100,"earnPoint":10,"actualDay":1,"rewardType":null,"rewardName":null,"rewardDescription":null,"hightlight":null,"photo":null,"photoUrl":"https://uat.aia.com.mm/api/photos/challenge/challenge_2_Mount Victoria (1).png","challengeType":"Daily Challenge","requirements":null,"challengeStartDate":"2021-01-10","challengeEndDate":"2022-03-31","special":false,"enable":true}],"memberChallenge":null}
2022-03-16 11:20:06.681  INFO wellness-api-5d877dd8b9-5jh4v --- [nio-8081-exec-7] c.a.a.w.w.c.ChallengeRestController      : ====== End getChallengeList API =====
2022-03-16 11:20:09.439 DEBUG wellness-api-5d877dd8b9-5jh4v --- [nio-8081-exec-3] c.a.a.w.w.c.JwtAuthenticationFilter      : security context was null, so authorizating user
2022-03-16 11:20:09.548  INFO wellness-api-5d877dd8b9-5jh4v --- [nio-8081-exec-3] c.a.a.w.w.c.ChallengeRestController      : ====== Start getChallengeList API =====
2022-03-16 11:20:09.548  INFO wellness-api-5d877dd8b9-5jh4v --- [nio-8081-exec-3] c.a.a.w.w.c.ChallengeRestController      : getChallengeList API (Request) : {"challengeTypeId":2,"features":0,"challengeId":null}
2022-03-16 11:20:09.548  INFO wellness-api-5d877dd8b9-5jh4v --- [nio-8081-exec-3] c.a.a.w.w.s.i.MemberService              : SUB : 09450014670
2022-03-16 11:20:09.592  INFO wellness-api-5d877dd8b9-5jh4v --- [nio-8081-exec-3] c.a.a.w.w.c.ChallengeRestController      : Member Id : 10266
2022-03-16 11:20:09.592  INFO wellness-api-5d877dd8b9-5jh4v --- [nio-8081-exec-3] c.a.a.w.w.c.ChallengeRestController      : Member Name : Htoo Myat
2022-03-16 11:20:09.894  INFO wellness-api-5d877dd8b9-5jh4v --- [nio-8081-exec-3] c.a.a.w.w.s.i.ChallengeService           : Get Challenge List By ChallengeType : 5
2022-03-16 11:20:09.894  INFO wellness-api-5d877dd8b9-5jh4v --- [nio-8081-exec-3] c.a.a.w.w.s.i.ChallengeService           : Total Challenge Count : 5
2022-03-16 11:20:09.895  INFO wellness-api-5d877dd8b9-5jh4v --- [nio-8081-exec-3] c.a.a.w.w.s.i.ChallengeService           : Member Tier : Challenge Conqueror
2022-03-16 11:20:09.895  INFO wellness-api-5d877dd8b9-5jh4v --- [nio-8081-exec-3] c.a.a.w.w.s.i.ChallengeService           : Start Challenge Object Mapping
2022-03-16 11:20:09.896  INFO wellness-api-5d877dd8b9-5jh4v --- [nio-8081-exec-3] c.a.a.w.w.s.i.ChallengeService           : Challenge Name : Natma
2022-03-16 11:20:09.896  INFO wellness-api-5d877dd8b9-5jh4v --- [nio-8081-exec-3] c.a.a.w.w.s.i.ChallengeService           : Challenge Name : Naga Hill
2022-03-16 11:20:09.897  INFO wellness-api-5d877dd8b9-5jh4v --- [nio-8081-exec-3] c.a.a.w.w.s.i.ChallengeService           : Challenge Name : Popa
2022-03-16 11:20:09.897  INFO wellness-api-5d877dd8b9-5jh4v --- [nio-8081-exec-3] c.a.a.w.w.s.i.ChallengeService           : Challenge Name : UAT Weekly Test 1 Challenge
2022-03-16 11:20:09.897  INFO wellness-api-5d877dd8b9-5jh4v --- [nio-8081-exec-3] c.a.a.w.w.s.i.ChallengeService           : Challenge Name : UAT Weekly Test 2 Challenge
2022-03-16 11:20:09.899  INFO wellness-api-5d877dd8b9-5jh4v --- [nio-8081-exec-3] c.a.a.w.w.s.i.ChallengeService           : End Challenge Object Mapping
2022-03-16 11:20:09.903  INFO wellness-api-5d877dd8b9-5jh4v --- [nio-8081-exec-3] c.a.a.w.w.c.ChallengeRestController      : getChallengeList API (Response) : {"timestamp":1647406209900,"responseCode":200,"responseDescription":"Success!","data":[{"id":99,"name":"Natma","description":"finish 3,000 steps per day for 5 days in a week!","totalPeriodDays":7,"dailyMiniumSteps":2000,"totalSteps":10000,"earnPoint":1000,"actualDay":5,"rewardType":null,"rewardName":null,"rewardDescription":null,"hightlight":null,"photo":null,"photoUrl":"https://uat.aia.com.mm/api/photos/challenge/challenge_99_Mount Nattaung.png","challengeType":"Weekly Challenge","requirements":null,"challengeStartDate":"2021-04-09","challengeEndDate":"2022-03-31","special":false,"enable":true},{"id":101,"name":"Naga Hill","description":"finish 3,000 steps per day for 5 days in a week!","totalPeriodDays":7,"dailyMiniumSteps":3000,"totalSteps":15000,"earnPoint":2500,"actualDay":5,"rewardType":null,"rewardName":null,"rewardDescription":null,"hightlight":null,"photo":null,"photoUrl":"https://uat.aia.com.mm/api/photos/challenge/challenge_101_Mandalay Hill.jpeg","challengeType":"Weekly Challenge","requirements":null,"challengeStartDate":"2022-03-01","challengeEndDate":"2022-03-31","special":false,"enable":true},{"id":142,"name":"Popa","description":"","totalPeriodDays":7,"dailyMiniumSteps":300,"totalSteps":1500,"earnPoint":150,"actualDay":5,"rewardType":null,"rewardName":null,"rewardDescription":null,"hightlight":null,"photo":null,"photoUrl":"https://uat.aia.com.mm/api/photos/challenge/challenge_142_Mount Popa - Taungkelet.png","challengeType":"Weekly Challenge","requirements":null,"challengeStartDate":"2021-06-18","challengeEndDate":"2022-03-31","special":false,"enable":true},{"id":145,"name":"UAT Weekly Test 1 Challenge","description":"finish 10 steps per day for 2 days in a week","totalPeriodDays":2,"dailyMiniumSteps":10,"totalSteps":20,"earnPoint":2,"actualDay":2,"rewardType":null,"rewardName":null,"rewardDescription":null,"hightlight":null,"photo":null,"photoUrl":"https://uat.aia.com.mm/api/photos/challenge/challenge_145_weekly1.jpg","challengeType":"Weekly Challenge","requirements":null,"challengeStartDate":"2022-02-14","challengeEndDate":"2022-03-31","special":false,"enable":true},{"id":146,"name":"UAT Weekly Test 2 Challenge","description":"finish 500 steps per day for 2 days in a week","totalPeriodDays":2,"dailyMiniumSteps":500,"totalSteps":1000,"earnPoint":100,"actualDay":2,"rewardType":null,"rewardName":null,"rewardDescription":null,"hightlight":null,"photo":null,"photoUrl":"https://uat.aia.com.mm/api/photos/challenge/challenge_146_1MB.jpg","challengeType":"Weekly Challenge","requirements":null,"challengeStartDate":"2022-02-14","challengeEndDate":"2022-03-31","special":false,"enable":true}],"memberChallenge":null}
2022-03-16 11:20:09.903  INFO wellness-api-5d877dd8b9-5jh4v --- [nio-8081-exec-3] c.a.a.w.w.c.ChallengeRestController      : ====== End getChallengeList API =====
2022-03-16 11:20:14.093 DEBUG wellness-api-5d877dd8b9-5jh4v --- [nio-8081-exec-4] c.a.a.w.w.c.JwtAuthenticationFilter      : security context was null, so authorizating user
2022-03-16 11:20:14.126  INFO wellness-api-5d877dd8b9-5jh4v --- [nio-8081-exec-4] c.a.a.w.w.c.CustomDataSource             : get connection from super exception, re generate the access token begin
2022-03-16 11:20:14.126  INFO wellness-api-5d877dd8b9-5jh4v --- [ool-10-thread-1] c.m.a.a.AuthenticationAuthority          : [Correlation ID: 0fe00812-f798-4e61-a74a-42419c530408] Instance discovery was successful
2022-03-16 11:20:14.330  INFO wellness-api-5d877dd8b9-5jh4v --- [nio-8081-exec-4] c.a.a.w.w.c.ChallengeRestController      : ====== Start getChallengeList API =====
2022-03-16 11:20:14.330  INFO wellness-api-5d877dd8b9-5jh4v --- [nio-8081-exec-4] c.a.a.w.w.c.ChallengeRestController      : getChallengeList API (Request) : {"challengeTypeId":3,"features":0,"challengeId":null}
2022-03-16 11:20:14.330  INFO wellness-api-5d877dd8b9-5jh4v --- [nio-8081-exec-4] c.a.a.w.w.s.i.MemberService              : SUB : 09450014670
2022-03-16 11:20:14.370  INFO wellness-api-5d877dd8b9-5jh4v --- [nio-8081-exec-4] c.a.a.w.w.c.ChallengeRestController      : Member Id : 10266
2022-03-16 11:20:14.370  INFO wellness-api-5d877dd8b9-5jh4v --- [nio-8081-exec-4] c.a.a.w.w.c.ChallengeRestController      : Member Name : Htoo Myat
2022-03-16 11:20:14.642  INFO wellness-api-5d877dd8b9-5jh4v --- [nio-8081-exec-4] c.a.a.w.w.s.i.ChallengeService           : Get Challenge List By ChallengeType : 4
2022-03-16 11:20:14.642  INFO wellness-api-5d877dd8b9-5jh4v --- [nio-8081-exec-4] c.a.a.w.w.s.i.ChallengeService           : Total Challenge Count : 4
2022-03-16 11:20:14.644  INFO wellness-api-5d877dd8b9-5jh4v --- [nio-8081-exec-4] c.a.a.w.w.s.i.ChallengeService           : Member Tier : Challenge Conqueror
2022-03-16 11:20:14.644  INFO wellness-api-5d877dd8b9-5jh4v --- [nio-8081-exec-4] c.a.a.w.w.s.i.ChallengeService           : Start Challenge Object Mapping
2022-03-16 11:20:14.644  INFO wellness-api-5d877dd8b9-5jh4v --- [nio-8081-exec-4] c.a.a.w.w.s.i.ChallengeService           : Challenge Name : HAKABAO RAZI
2022-03-16 11:20:14.644  INFO wellness-api-5d877dd8b9-5jh4v --- [nio-8081-exec-4] c.a.a.w.w.s.i.ChallengeService           : Challenge Name : Phonyin Razi
2022-03-16 11:20:14.645  INFO wellness-api-5d877dd8b9-5jh4v --- [nio-8081-exec-4] c.a.a.w.w.s.i.ChallengeService           : Challenge Name : Mount Taung Wine
2022-03-16 11:20:14.645  INFO wellness-api-5d877dd8b9-5jh4v --- [nio-8081-exec-4] c.a.a.w.w.s.i.ChallengeService           : Challenge Name : Test 1MB challenge
2022-03-16 11:20:14.647  INFO wellness-api-5d877dd8b9-5jh4v --- [nio-8081-exec-4] c.a.a.w.w.s.i.ChallengeService           : End Challenge Object Mapping
2022-03-16 11:20:14.650  INFO wellness-api-5d877dd8b9-5jh4v --- [nio-8081-exec-4] c.a.a.w.w.c.ChallengeRestController      : getChallengeList API (Response) : {"timestamp":1647406214648,"responseCode":200,"responseDescription":"Success!","data":[{"id":7,"name":"HAKABAO RAZI","description":"finish 2,500 steps per days for 20 days in a month!","totalPeriodDays":30,"dailyMiniumSteps":2500,"totalSteps":50000,"earnPoint":500,"actualDay":20,"rewardType":null,"rewardName":null,"rewardDescription":null,"hightlight":null,"photo":null,"photoUrl":"https://uat.aia.com.mm/api/photos/challenge/challenge_7_Hkakabo Razi.png","challengeType":"Monthly Challenge","requirements":null,"challengeStartDate":"2021-01-10","challengeEndDate":"2022-03-31","special":false,"enable":true},{"id":117,"name":"Phonyin Razi","description":"finish 100 steps per days for 20 days in a month!","totalPeriodDays":30,"dailyMiniumSteps":9000,"totalSteps":2,"earnPoint":1212,"actualDay":20,"rewardType":null,"rewardName":null,"rewardDescription":null,"hightlight":null,"photo":null,"photoUrl":"https://uat.aia.com.mm/api/photos/challenge/challenge_117_Mount Phonyin Razi.png","challengeType":"Monthly Challenge","requirements":null,"challengeStartDate":"2021-04-09","challengeEndDate":"2022-03-31","special":false,"enable":true},{"id":118,"name":"Mount Taung Wine","description":"finish 200 steps per days for 20 days in a month!","totalPeriodDays":30,"dailyMiniumSteps":200,"totalSteps":4000,"earnPoint":400,"actualDay":20,"rewardType":null,"rewardName":null,"rewardDescription":null,"hightlight":null,"photo":null,"photoUrl":"https://uat.aia.com.mm/api/photos/challenge/challenge_118_Mount Taung Wine (1).png","challengeType":"Monthly Challenge","requirements":null,"challengeStartDate":"2021-04-09","challengeEndDate":"2022-03-30","special":false,"enable":true},{"id":149,"name":"Test 1MB challenge","description":"finish 200 steps per days for 20 days in a month!","totalPeriodDays":30,"dailyMiniumSteps":200,"totalSteps":4000,"earnPoint":400,"actualDay":20,"rewardType":null,"rewardName":null,"rewardDescription":null,"hightlight":null,"photo":null,"photoUrl":"https://uat.aia.com.mm/api/photos/challenge/challenge_149_1MB.jpg","challengeType":"Monthly Challenge","requirements":null,"challengeStartDate":"2022-02-22","challengeEndDate":"2022-03-31","special":false,"enable":true}],"memberChallenge":null}
2022-03-16 11:20:14.650  INFO wellness-api-5d877dd8b9-5jh4v --- [nio-8081-exec-4] c.a.a.w.w.c.ChallengeRestController      : ====== End getChallengeList API =====
2022-03-16 11:20:20.055 DEBUG wellness-api-5d877dd8b9-5jh4v --- [nio-8081-exec-5] c.a.a.w.w.c.JwtAuthenticationFilter      : security context was null, so authorizating user
2022-03-16 11:20:20.170  INFO wellness-api-5d877dd8b9-5jh4v --- [nio-8081-exec-5] c.a.a.w.w.c.ChallengeRestController      : ====== Start getChallengeList API =====
2022-03-16 11:20:20.171  INFO wellness-api-5d877dd8b9-5jh4v --- [nio-8081-exec-5] c.a.a.w.w.c.ChallengeRestController      : getChallengeList API (Request) : {"challengeTypeId":10,"features":0,"challengeId":null}
2022-03-16 11:20:20.171  INFO wellness-api-5d877dd8b9-5jh4v --- [nio-8081-exec-5] c.a.a.w.w.s.i.MemberService              : SUB : 09450014670
2022-03-16 11:20:20.211  INFO wellness-api-5d877dd8b9-5jh4v --- [nio-8081-exec-5] c.a.a.w.w.c.ChallengeRestController      : Member Id : 10266
2022-03-16 11:20:20.211  INFO wellness-api-5d877dd8b9-5jh4v --- [nio-8081-exec-5] c.a.a.w.w.c.ChallengeRestController      : Member Name : Htoo Myat
2022-03-16 11:20:20.327  INFO wellness-api-5d877dd8b9-5jh4v --- [nio-8081-exec-5] c.a.a.w.w.s.i.ChallengeService           : Get Challenge List By ChallengeType : 5
2022-03-16 11:20:20.327  INFO wellness-api-5d877dd8b9-5jh4v --- [nio-8081-exec-5] c.a.a.w.w.s.i.ChallengeService           : Total Challenge Count : 5
2022-03-16 11:20:20.328  INFO wellness-api-5d877dd8b9-5jh4v --- [nio-8081-exec-5] c.a.a.w.w.s.i.ChallengeService           : Member Tier : Challenge Conqueror
2022-03-16 11:20:20.328  INFO wellness-api-5d877dd8b9-5jh4v --- [nio-8081-exec-5] c.a.a.w.w.s.i.ChallengeService           : Start Challenge Object Mapping
2022-03-16 11:20:20.328  INFO wellness-api-5d877dd8b9-5jh4v --- [nio-8081-exec-5] c.a.a.w.w.s.i.ChallengeService           : Challenge Name : 50% OFF Sunday brunch voucher at Melia
2022-03-16 11:20:20.332  INFO wellness-api-5d877dd8b9-5jh4v --- [nio-8081-exec-5] c.a.a.w.w.s.i.ChallengeService           : Challenge Name : Free Private Yoga Lesson
2022-03-16 11:20:20.335  INFO wellness-api-5d877dd8b9-5jh4v --- [nio-8081-exec-5] c.a.a.w.w.s.i.ChallengeService           : Challenge Name : 30% Off Staycation at Pan Pacific Hotel
2022-03-16 11:20:20.337  INFO wellness-api-5d877dd8b9-5jh4v --- [nio-8081-exec-5] c.a.a.w.w.s.i.ChallengeService           : Challenge Name : Test Noti for Special Challenge
2022-03-16 11:20:20.340  INFO wellness-api-5d877dd8b9-5jh4v --- [nio-8081-exec-5] c.a.a.w.w.s.i.ChallengeService           : Challenge Name : UAT Special Test 1 Challenge
2022-03-16 11:20:20.344  INFO wellness-api-5d877dd8b9-5jh4v --- [nio-8081-exec-5] c.a.a.w.w.s.i.ChallengeService           : End Challenge Object Mapping
2022-03-16 11:20:20.346  INFO wellness-api-5d877dd8b9-5jh4v --- [nio-8081-exec-5] c.a.a.w.w.c.ChallengeRestController      : getChallengeList API (Response) : {"timestamp":1647406220345,"responseCode":200,"responseDescription":"Success!","data":[{"id":122,"name":"Free Private Yoga Lesson","description":"Take 50 steps within a day to unlock free private yoga lesson","totalPeriodDays":1,"dailyMiniumSteps":10,"totalSteps":10,"earnPoint":0,"actualDay":1,"rewardType":"Freebies","rewardName":"Free Private Yoga Lesson","rewardDescription":"unlock free private yoga lesson","hightlight":"","photo":null,"photoUrl":"https://uat.aia.com.mm/api/photos/challenge/challenge_122_Yoga.png","challengeType":"Special Challenge","requirements":["Challenge Conqueror"],"challengeStartDate":"2021-04-10","challengeEndDate":"2022-03-31","special":true,"enable":true},{"id":139,"name":"Test Noti for Special Challenge","description":"Testing Noti","totalPeriodDays":3,"dailyMiniumSteps":50,"totalSteps":100,"earnPoint":0,"actualDay":2,"rewardType":"Premium Discounts","rewardName":"Free Night Stay at Governor's Residence","rewardDescription":"unlock free night stay at Governor's Residence","hightlight":"","photo":null,"photoUrl":"https://uat.aia.com.mm/api/photos/challenge/challenge_139_1MB.jpg","challengeType":"Special Challenge","requirements":["Challenge Conqueror"],"challengeStartDate":"2021-06-04","challengeEndDate":"2022-03-31","special":true,"enable":true},{"id":148,"name":"UAT Special Test 1 Challenge","description":"finish 10 steps within one day","totalPeriodDays":1,"dailyMiniumSteps":10,"totalSteps":10,"earnPoint":0,"actualDay":1,"rewardType":"Freebies","rewardName":"Free Private Yoga Lesson","rewardDescription":"unlock free private yoga lesson","hightlight":"","photo":null,"photoUrl":"https://uat.aia.com.mm/api/photos/challenge/challenge_148_1mb.png","challengeType":"Special Challenge","requirements":["Challenge Conqueror"],"challengeStartDate":"2022-02-15","challengeEndDate":"2022-03-30","special":true,"enable":true}],"memberChallenge":null}
2022-03-16 11:20:20.346  INFO wellness-api-5d877dd8b9-5jh4v --- [nio-8081-exec-5] c.a.a.w.w.c.ChallengeRestController      : ====== End getChallengeList API =====
2022-03-16 11:22:53.371 DEBUG wellness-api-5d877dd8b9-5jh4v --- [nio-8081-exec-3] c.a.a.w.w.c.JwtAuthenticationFilter      : security context was null, so authorizating user
2022-03-16 11:22:53.586 DEBUG wellness-api-5d877dd8b9-5jh4v --- [nio-8081-exec-4] c.a.a.w.w.c.JwtAuthenticationFilter      : security context was null, so authorizating user
2022-03-16 11:22:53.598  INFO wellness-api-5d877dd8b9-5jh4v --- [nio-8081-exec-3] c.a.a.w.w.s.i.MemberService              : SUB : 09769858936
2022-03-16 11:22:53.660  INFO wellness-api-5d877dd8b9-5jh4v --- [nio-8081-exec-3] c.a.a.w.w.s.i.DailyStepService           : Old daily step : AbstractVersionTrack(createdDate=2022-03-15 16:35:44.831, createdUserId=10297, updatedDate=2022-03-15 16:47:44.01, updatedUserId=10297, version=15, isDelete=false)
2022-03-16 11:22:53.798  INFO wellness-api-5d877dd8b9-5jh4v --- [nio-8081-exec-4] c.a.a.w.w.s.i.MemberService              : SUB : 09769858936
2022-03-16 11:22:53.833  INFO wellness-api-5d877dd8b9-5jh4v --- [nio-8081-exec-3] c.a.a.w.w.s.i.DailyStepService           : Old daily step : null
2022-03-16 11:22:53.844  INFO wellness-api-5d877dd8b9-5jh4v --- [nio-8081-exec-4] c.a.a.w.w.s.i.DailyStepService           : Old daily step : AbstractVersionTrack(createdDate=2022-03-15 16:35:44.831, createdUserId=10297, updatedDate=2022-03-16 11:22:53.66, updatedUserId=10297, version=16, isDelete=false)
2022-03-16 11:22:53.891 ERROR wellness-api-5d877dd8b9-5jh4v --- [nio-8081-exec-4] c.a.a.w.w.c.DailyStepController          : Step Sync Exception ::::::::::: Object of class [com.aia.ace.wellness.webapi.datamodel.Member] with identifier [10297]: optimistic locking failed; nested exception is org.hibernate.StaleObjectStateException: Row was updated or deleted by another transaction (or unsaved-value mapping was incorrect) : [com.aia.ace.wellness.webapi.datamodel.Member#10297]
2022-03-16 11:22:53.891  INFO wellness-api-5d877dd8b9-5jh4v --- [nio-8081-exec-4] c.a.a.w.w.s.i.MemberService              : SUB : 09769858936
2022-03-16 11:22:54.395 DEBUG wellness-api-5d877dd8b9-5jh4v --- [nio-8081-exec-5] c.a.a.w.w.c.JwtAuthenticationFilter      : security context was null, so authorizating user
2022-03-16 11:22:54.532  INFO wellness-api-5d877dd8b9-5jh4v --- [nio-8081-exec-5] c.a.a.w.w.s.i.MemberService              : SUB : 09769858936
2022-03-16 11:22:54.589  INFO wellness-api-5d877dd8b9-5jh4v --- [nio-8081-exec-5] c.a.a.w.w.u.CommonUtil                   : Date:::::Wed Mar 16 11:22:54 MMT 2022
2022-03-16 11:22:54.589  INFO wellness-api-5d877dd8b9-5jh4v --- [nio-8081-exec-5] c.a.a.w.w.u.CommonUtil                   : Response JsonData:::::myChallenge:::::200:::::Success!
2022-03-16 11:39:33.695 DEBUG wellness-api-5d877dd8b9-5jh4v --- [nio-8081-exec-1] c.a.a.w.w.c.JwtAuthenticationFilter      : security context was null, so authorizating user
2022-03-16 11:39:33.841  INFO wellness-api-5d877dd8b9-5jh4v --- [nio-8081-exec-1] c.a.a.w.w.s.i.MemberService              : SUB : 09769858936
2022-03-16 11:39:34.440 DEBUG wellness-api-5d877dd8b9-5jh4v --- [nio-8081-exec-8] c.a.a.w.w.c.JwtAuthenticationFilter      : security context was null, so authorizating user
2022-03-16 11:39:34.558  INFO wellness-api-5d877dd8b9-5jh4v --- [nio-8081-exec-8] c.a.a.w.w.s.i.MemberService              : SUB : 09769858936
2022-03-16 11:39:34.614  INFO wellness-api-5d877dd8b9-5jh4v --- [nio-8081-exec-8] c.a.a.w.w.u.CommonUtil                   : Date:::::Wed Mar 16 11:39:34 MMT 2022
2022-03-16 11:39:34.614  INFO wellness-api-5d877dd8b9-5jh4v --- [nio-8081-exec-8] c.a.a.w.w.u.CommonUtil                   : Response JsonData:::::myChallenge:::::200:::::Success!
2022-03-16 11:39:35.402 DEBUG wellness-api-5d877dd8b9-5jh4v --- [io-8081-exec-10] c.a.a.w.w.c.JwtAuthenticationFilter      : security context was null, so authorizating user
2022-03-16 11:39:35.518  INFO wellness-api-5d877dd8b9-5jh4v --- [io-8081-exec-10] c.a.a.w.w.s.i.MemberService              : SUB : 09769858936
2022-03-16 11:39:35.568  INFO wellness-api-5d877dd8b9-5jh4v --- [io-8081-exec-10] c.a.a.w.w.s.i.DailyStepService           : Old daily step : AbstractVersionTrack(createdDate=2022-03-16 11:22:53.833, createdUserId=10297, updatedDate=null, updatedUserId=0, version=0, isDelete=false)
2022-03-16 11:47:31.644 DEBUG wellness-api-5d877dd8b9-5jh4v --- [nio-8081-exec-4] c.a.a.w.w.c.JwtAuthenticationFilter      : security context was null, so authorizating user
2022-03-16 11:47:31.645 DEBUG wellness-api-5d877dd8b9-5jh4v --- [nio-8081-exec-5] c.a.a.w.w.c.JwtAuthenticationFilter      : security context was null, so authorizating user
2022-03-16 11:47:31.788  INFO wellness-api-5d877dd8b9-5jh4v --- [nio-8081-exec-4] c.a.a.w.w.s.i.MemberService              : SUB : 09769858936
2022-03-16 11:47:31.799  INFO wellness-api-5d877dd8b9-5jh4v --- [nio-8081-exec-5] c.a.a.w.w.s.i.MemberService              : SUB : 09769858936
2022-03-16 11:47:31.853  INFO wellness-api-5d877dd8b9-5jh4v --- [nio-8081-exec-4] c.a.a.w.w.s.i.DailyStepService           : Old daily step : AbstractVersionTrack(createdDate=2022-03-16 11:22:53.833, createdUserId=10297, updatedDate=2022-03-16 11:39:35.568, updatedUserId=10297, version=1, isDelete=false)
2022-03-16 11:47:31.867  INFO wellness-api-5d877dd8b9-5jh4v --- [nio-8081-exec-5] c.a.a.w.w.s.i.DailyStepService           : Old daily step : AbstractVersionTrack(createdDate=2022-03-16 11:22:53.833, createdUserId=10297, updatedDate=2022-03-16 11:47:31.853, updatedUserId=10297, version=2, isDelete=false)
2022-03-16 11:47:31.972 ERROR wellness-api-5d877dd8b9-5jh4v --- [nio-8081-exec-5] c.a.a.w.w.c.DailyStepController          : Step Sync Exception ::::::::::: Object of class [com.aia.ace.wellness.webapi.datamodel.Member] with identifier [10297]: optimistic locking failed; nested exception is org.hibernate.StaleObjectStateException: Row was updated or deleted by another transaction (or unsaved-value mapping was incorrect) : [com.aia.ace.wellness.webapi.datamodel.Member#10297]
2022-03-16 11:47:31.972  INFO wellness-api-5d877dd8b9-5jh4v --- [nio-8081-exec-5] c.a.a.w.w.s.i.MemberService              : SUB : 09769858936
2022-03-16 13:58:42.314 DEBUG wellness-api-5d877dd8b9-5jh4v --- [io-8081-exec-10] c.a.a.w.w.c.JwtAuthenticationFilter      : security context was null, so authorizating user
2022-03-16 13:58:42.334 DEBUG wellness-api-5d877dd8b9-5jh4v --- [nio-8081-exec-9] c.a.a.w.w.c.JwtAuthenticationFilter      : security context was null, so authorizating user
2022-03-16 13:58:42.404 DEBUG wellness-api-5d877dd8b9-5jh4v --- [nio-8081-exec-7] c.a.a.w.w.c.JwtAuthenticationFilter      : security context was null, so authorizating user
2022-03-16 13:58:42.420 DEBUG wellness-api-5d877dd8b9-5jh4v --- [nio-8081-exec-3] c.a.a.w.w.c.JwtAuthenticationFilter      : security context was null, so authorizating user
2022-03-16 13:58:42.460 DEBUG wellness-api-5d877dd8b9-5jh4v --- [nio-8081-exec-4] c.a.a.w.w.c.JwtAuthenticationFilter      : security context was null, so authorizating user
2022-03-16 13:58:42.483  INFO wellness-api-5d877dd8b9-5jh4v --- [io-8081-exec-10] c.a.a.w.w.s.i.MemberService              : SUB : 09450014670
2022-03-16 13:58:42.558 DEBUG wellness-api-5d877dd8b9-5jh4v --- [nio-8081-exec-5] c.a.a.w.w.c.JwtAuthenticationFilter      : security context was null, so authorizating user
2022-03-16 13:58:42.625  INFO wellness-api-5d877dd8b9-5jh4v --- [io-8081-exec-10] c.a.a.w.w.s.i.MemberChallengeService     : **********Challenge Progress********100.0
2022-03-16 13:58:42.690  INFO wellness-api-5d877dd8b9-5jh4v --- [nio-8081-exec-3] c.a.a.w.w.s.i.MemberService              : SUB : 09450014670
2022-03-16 13:58:42.740  INFO wellness-api-5d877dd8b9-5jh4v --- [nio-8081-exec-4] c.a.a.w.w.c.ChallengeRestController      : ====== Start getChallengeList API =====
2022-03-16 13:58:42.741  INFO wellness-api-5d877dd8b9-5jh4v --- [nio-8081-exec-4] c.a.a.w.w.c.ChallengeRestController      : getChallengeList API (Request) : {"challengeTypeId":0,"features":1,"challengeId":null}
2022-03-16 13:58:42.741  INFO wellness-api-5d877dd8b9-5jh4v --- [nio-8081-exec-4] c.a.a.w.w.s.i.MemberService              : SUB : 09450014670
2022-03-16 13:58:42.796  INFO wellness-api-5d877dd8b9-5jh4v --- [nio-8081-exec-4] c.a.a.w.w.c.ChallengeRestController      : Member Id : 10266
2022-03-16 13:58:42.796  INFO wellness-api-5d877dd8b9-5jh4v --- [nio-8081-exec-4] c.a.a.w.w.c.ChallengeRestController      : Member Name : Htoo Myat
2022-03-16 13:58:42.841  INFO wellness-api-5d877dd8b9-5jh4v --- [nio-8081-exec-4] c.a.a.w.w.s.i.ChallengeService           : Get Special Challenge List By ChallengeType : 4
2022-03-16 13:58:42.841  INFO wellness-api-5d877dd8b9-5jh4v --- [nio-8081-exec-4] c.a.a.w.w.s.i.ChallengeService           : Total Challenge Count : 4
2022-03-16 13:58:42.842  INFO wellness-api-5d877dd8b9-5jh4v --- [nio-8081-exec-4] c.a.a.w.w.s.i.ChallengeService           : Member Tier : Challenge Conqueror
2022-03-16 13:58:42.843  INFO wellness-api-5d877dd8b9-5jh4v --- [nio-8081-exec-4] c.a.a.w.w.s.i.ChallengeService           : Start Challenge Object Mapping
2022-03-16 13:58:42.843  INFO wellness-api-5d877dd8b9-5jh4v --- [nio-8081-exec-4] c.a.a.w.w.s.i.ChallengeService           : Challenge Name : 50% OFF Sunday brunch voucher at Melia
2022-03-16 13:58:42.847  INFO wellness-api-5d877dd8b9-5jh4v --- [nio-8081-exec-4] c.a.a.w.w.s.i.ChallengeService           : Challenge Name : Free Private Yoga Lesson
2022-03-16 13:58:42.853  INFO wellness-api-5d877dd8b9-5jh4v --- [nio-8081-exec-4] c.a.a.w.w.s.i.ChallengeService           : Challenge Name : 30% Off Staycation at Pan Pacific Hotel
2022-03-16 13:58:42.856  INFO wellness-api-5d877dd8b9-5jh4v --- [nio-8081-exec-4] c.a.a.w.w.s.i.ChallengeService           : Challenge Name : UAT Special Test 1 Challenge
2022-03-16 13:58:42.861  INFO wellness-api-5d877dd8b9-5jh4v --- [nio-8081-exec-4] c.a.a.w.w.s.i.ChallengeService           : End Challenge Object Mapping
2022-03-16 13:58:42.865  INFO wellness-api-5d877dd8b9-5jh4v --- [nio-8081-exec-4] c.a.a.w.w.c.ChallengeRestController      : getChallengeList API (Response) : {"timestamp":1647415722863,"responseCode":200,"responseDescription":"Success!","data":[{"id":122,"name":"Free Private Yoga Lesson","description":"Take 50 steps within a day to unlock free private yoga lesson","totalPeriodDays":1,"dailyMiniumSteps":10,"totalSteps":10,"earnPoint":0,"actualDay":1,"rewardType":"Freebies","rewardName":"Free Private Yoga Lesson","rewardDescription":"unlock free private yoga lesson","hightlight":"","photo":null,"photoUrl":"https://uat.aia.com.mm/api/photos/challenge/challenge_122_Yoga.png","challengeType":"Special Challenge","requirements":["Challenge Conqueror"],"challengeStartDate":"2021-04-10","challengeEndDate":"2022-03-31","special":true,"enable":true},{"id":148,"name":"UAT Special Test 1 Challenge","description":"finish 10 steps within one day","totalPeriodDays":1,"dailyMiniumSteps":10,"totalSteps":10,"earnPoint":0,"actualDay":1,"rewardType":"Freebies","rewardName":"Free Private Yoga Lesson","rewardDescription":"unlock free private yoga lesson","hightlight":"","photo":null,"photoUrl":"https://uat.aia.com.mm/api/photos/challenge/challenge_148_1mb.png","challengeType":"Special Challenge","requirements":["Challenge Conqueror"],"challengeStartDate":"2022-02-15","challengeEndDate":"2022-03-30","special":true,"enable":true}],"memberChallenge":null}
2022-03-16 13:58:42.865  INFO wellness-api-5d877dd8b9-5jh4v --- [nio-8081-exec-4] c.a.a.w.w.c.ChallengeRestController      : ====== End getChallengeList API =====
2022-03-16 13:58:43.522 DEBUG wellness-api-5d877dd8b9-5jh4v --- [nio-8081-exec-2] c.a.a.w.w.c.JwtAuthenticationFilter      : security context was null, so authorizating user
2022-03-16 13:58:43.600 DEBUG wellness-api-5d877dd8b9-5jh4v --- [nio-8081-exec-6] c.a.a.w.w.c.JwtAuthenticationFilter      : security context was null, so authorizating user
2022-03-16 13:58:43.653  INFO wellness-api-5d877dd8b9-5jh4v --- [nio-8081-exec-2] c.a.a.w.w.s.i.MemberService              : SUB : 09450014670
2022-03-16 13:58:43.720  INFO wellness-api-5d877dd8b9-5jh4v --- [nio-8081-exec-2] c.a.a.w.w.s.i.DailyStepService           : Old daily step : AbstractVersionTrack(createdDate=2022-03-16 11:19:47.42, createdUserId=10266, updatedDate=null, updatedUserId=0, version=0, isDelete=false)
2022-03-16 13:58:43.727  INFO wellness-api-5d877dd8b9-5jh4v --- [nio-8081-exec-6] c.a.a.w.w.s.i.MemberService              : SUB : 09450014670
2022-03-16 13:58:43.786  INFO wellness-api-5d877dd8b9-5jh4v --- [nio-8081-exec-6] c.a.a.w.w.s.i.MemberChallengeService     : **********Challenge Progress********
2022-03-16 13:58:43.787  INFO wellness-api-5d877dd8b9-5jh4v --- [nio-8081-exec-6] c.a.a.w.w.u.CommonUtil                   : Date:::::Wed Mar 16 13:58:43 MMT 2022
2022-03-16 13:58:43.787  INFO wellness-api-5d877dd8b9-5jh4v --- [nio-8081-exec-6] c.a.a.w.w.u.CommonUtil                   : Response JsonData:::::myChallenge:::::200:::::Success!
2022-03-16 13:58:43.790  INFO wellness-api-5d877dd8b9-5jh4v --- [nio-8081-exec-2] c.a.a.w.w.s.i.MemberChallengeService     : **********Challenge Progress********100.0
2022-03-16 13:58:44.586 DEBUG wellness-api-5d877dd8b9-5jh4v --- [nio-8081-exec-1] c.a.a.w.w.c.JwtAuthenticationFilter      : security context was null, so authorizating user
2022-03-16 13:58:44.707  INFO wellness-api-5d877dd8b9-5jh4v --- [nio-8081-exec-1] c.a.a.w.w.s.i.MemberService              : SUB : 09450014670
2022-03-16 13:58:44.765  INFO wellness-api-5d877dd8b9-5jh4v --- [nio-8081-exec-1] c.a.a.w.w.s.i.MemberChallengeService     : **********Challenge Progress********
2022-03-16 13:58:44.767  INFO wellness-api-5d877dd8b9-5jh4v --- [nio-8081-exec-1] c.a.a.w.w.u.CommonUtil                   : Date:::::Wed Mar 16 13:58:44 MMT 2022
2022-03-16 13:58:44.767  INFO wellness-api-5d877dd8b9-5jh4v --- [nio-8081-exec-1] c.a.a.w.w.u.CommonUtil                   : Response JsonData:::::myChallenge:::::200:::::Success!
2022-03-16 13:58:46.120 DEBUG wellness-api-5d877dd8b9-5jh4v --- [nio-8081-exec-8] c.a.a.w.w.c.JwtAuthenticationFilter      : security context was null, so authorizating user
2022-03-16 13:58:46.168 DEBUG wellness-api-5d877dd8b9-5jh4v --- [io-8081-exec-10] c.a.a.w.w.c.JwtAuthenticationFilter      : security context was null, so authorizating user
2022-03-16 13:58:46.250 DEBUG wellness-api-5d877dd8b9-5jh4v --- [nio-8081-exec-9] c.a.a.w.w.c.JwtAuthenticationFilter      : security context was null, so authorizating user
2022-03-16 13:58:46.365  INFO wellness-api-5d877dd8b9-5jh4v --- [nio-8081-exec-8] c.a.a.w.w.s.i.ChallengeService           : Challenge Type API...
2022-03-16 13:58:46.369  INFO wellness-api-5d877dd8b9-5jh4v --- [nio-8081-exec-8] c.a.a.w.w.u.CommonUtil                   : Date:::::Wed Mar 16 13:58:46 MMT 2022
2022-03-16 13:58:46.369  INFO wellness-api-5d877dd8b9-5jh4v --- [nio-8081-exec-8] c.a.a.w.w.u.CommonUtil                   : Response JsonData:::::getChallengeType:::::null:::::null
2022-03-16 13:58:46.431  INFO wellness-api-5d877dd8b9-5jh4v --- [io-8081-exec-10] c.a.a.w.w.s.i.ChallengeService           : Challenge Type API...
2022-03-16 13:58:46.432  INFO wellness-api-5d877dd8b9-5jh4v --- [nio-8081-exec-9] c.a.a.w.w.s.i.MemberService              : SUB : 09450014670
2022-03-16 13:58:46.432  INFO wellness-api-5d877dd8b9-5jh4v --- [io-8081-exec-10] c.a.a.w.w.u.CommonUtil                   : Date:::::Wed Mar 16 13:58:46 MMT 2022
2022-03-16 13:58:46.432  INFO wellness-api-5d877dd8b9-5jh4v --- [io-8081-exec-10] c.a.a.w.w.u.CommonUtil                   : Response JsonData:::::getChallengeType:::::null:::::null
2022-03-16 13:58:46.484  INFO wellness-api-5d877dd8b9-5jh4v --- [nio-8081-exec-9] c.a.a.w.w.s.i.MemberChallengeService     : **********Challenge Progress********
2022-03-16 13:58:46.485  INFO wellness-api-5d877dd8b9-5jh4v --- [nio-8081-exec-9] c.a.a.w.w.u.CommonUtil                   : Date:::::Wed Mar 16 13:58:46 MMT 2022
2022-03-16 13:58:46.485  INFO wellness-api-5d877dd8b9-5jh4v --- [nio-8081-exec-9] c.a.a.w.w.u.CommonUtil                   : Response JsonData:::::myChallenge:::::200:::::Success!
2022-03-16 13:58:46.664 DEBUG wellness-api-5d877dd8b9-5jh4v --- [nio-8081-exec-5] c.a.a.w.w.c.JwtAuthenticationFilter      : security context was null, so authorizating user
2022-03-16 13:58:46.777  INFO wellness-api-5d877dd8b9-5jh4v --- [nio-8081-exec-5] c.a.a.w.w.s.i.MemberService              : SUB : 09450014670
2022-03-16 13:58:46.816  INFO wellness-api-5d877dd8b9-5jh4v --- [nio-8081-exec-5] c.a.a.w.w.c.ChallengeRestController      : Member Id....10266
2022-03-16 13:58:46.816  INFO wellness-api-5d877dd8b9-5jh4v --- [nio-8081-exec-5] c.a.a.w.w.s.i.ChallengeService           : Completed Challenge API...
2022-03-16 13:58:46.817  INFO wellness-api-5d877dd8b9-5jh4v --- [nio-8081-exec-5] c.a.a.w.w.s.i.ChallengeService           : Member Challenge List...[AbstractVersionTrack(createdDate=2022-03-10 15:03:47.302, createdUserId=10266, updatedDate=2022-03-11 00:00:00.0, updatedUserId=10266, version=4, isDelete=false), AbstractVersionTrack(createdDate=2022-03-10 11:31:53.894, createdUserId=10266, updatedDate=2022-03-10 00:00:00.0, updatedUserId=10266, version=2, isDelete=false), AbstractVersionTrack(createdDate=2022-03-08 20:50:56.923, createdUserId=10266, updatedDate=2022-03-09 00:00:00.0, updatedUserId=10266, version=3, isDelete=false), AbstractVersionTrack(createdDate=2022-03-04 16:07:07.769, createdUserId=10266, updatedDate=2022-03-04 00:00:00.0, updatedUserId=10266, version=2, isDelete=false), AbstractVersionTrack(createdDate=2022-02-26 08:15:08.492, createdUserId=10266, updatedDate=2022-03-02 00:00:00.0, updatedUserId=10266, version=21, isDelete=false), AbstractVersionTrack(createdDate=2022-02-24 16:24:16.173, createdUserId=10266, updatedDate=2022-02-24 00:00:00.0, updatedUserId=10266, version=3, isDelete=false), AbstractVersionTrack(createdDate=2022-02-07 22:14:38.147, createdUserId=10266, updatedDate=2022-02-12 00:00:00.0, updatedUserId=10266, version=42, isDelete=false), AbstractVersionTrack(createdDate=2021-04-25 14:44:53.297, createdUserId=10266, updatedDate=2021-04-25 00:00:00.0, updatedUserId=10266, version=1, isDelete=false)]
2022-03-16 13:58:46.821  INFO wellness-api-5d877dd8b9-5jh4v --- [nio-8081-exec-5] c.a.a.w.w.s.i.ChallengeService           : Completed Challenge Data...AbstractVersionTrack(createdDate=2022-02-14 19:38:06.989, createdUserId=10226, updatedDate=null, updatedUserId=0, version=0, isDelete=false)
2022-03-16 13:58:46.825  INFO wellness-api-5d877dd8b9-5jh4v --- [nio-8081-exec-5] c.a.a.w.w.s.i.ChallengeService           : Completed Challenge Data...AbstractVersionTrack(createdDate=2021-01-10 23:38:12.466, createdUserId=1, updatedDate=2022-02-21 11:31:43.507, updatedUserId=10226, version=20, isDelete=false)
2022-03-16 13:58:46.828  INFO wellness-api-5d877dd8b9-5jh4v --- [nio-8081-exec-5] c.a.a.w.w.s.i.ChallengeService           : Completed Challenge Data...AbstractVersionTrack(createdDate=2021-01-10 23:38:12.466, createdUserId=1, updatedDate=2022-02-21 11:31:43.507, updatedUserId=10226, version=20, isDelete=false)
2022-03-16 13:58:46.831  INFO wellness-api-5d877dd8b9-5jh4v --- [nio-8081-exec-5] c.a.a.w.w.s.i.ChallengeService           : Completed Challenge Data...AbstractVersionTrack(createdDate=2021-01-10 23:38:12.466, createdUserId=1, updatedDate=2022-02-21 11:31:43.507, updatedUserId=10226, version=20, isDelete=false)
2022-03-16 13:58:46.833  INFO wellness-api-5d877dd8b9-5jh4v --- [nio-8081-exec-5] c.a.a.w.w.s.i.ChallengeService           : Completed Challenge Data...AbstractVersionTrack(createdDate=2021-06-18 16:15:04.097, createdUserId=10226, updatedDate=2022-02-21 11:30:40.763, updatedUserId=10226, version=4, isDelete=false)
2022-03-16 13:58:46.843  INFO wellness-api-5d877dd8b9-5jh4v --- [nio-8081-exec-5] c.a.a.w.w.s.i.ChallengeService           : Completed Challenge Data...AbstractVersionTrack(createdDate=2021-01-10 23:38:12.466, createdUserId=1, updatedDate=2022-02-21 11:31:43.507, updatedUserId=10226, version=20, isDelete=false)
2022-03-16 13:58:46.845  INFO wellness-api-5d877dd8b9-5jh4v --- [nio-8081-exec-5] c.a.a.w.w.s.i.ChallengeService           : Completed Challenge Data...AbstractVersionTrack(createdDate=2021-04-06 06:25:53.756, createdUserId=10226, updatedDate=2022-02-21 11:28:19.504, updatedUserId=10226, version=11, isDelete=false)
2022-03-16 13:58:46.848  INFO wellness-api-5d877dd8b9-5jh4v --- [nio-8081-exec-5] c.a.a.w.w.s.i.ChallengeService           : Completed Challenge Data...AbstractVersionTrack(createdDate=2021-01-10 23:38:12.466, createdUserId=1, updatedDate=2022-02-21 11:31:43.507, updatedUserId=10226, version=20, isDelete=false)
2022-03-16 13:58:46.848  INFO wellness-api-5d877dd8b9-5jh4v --- [nio-8081-exec-5] c.a.a.w.w.u.CommonUtil                   : Date:::::Wed Mar 16 13:58:46 MMT 2022
2022-03-16 13:58:46.848  INFO wellness-api-5d877dd8b9-5jh4v --- [nio-8081-exec-5] c.a.a.w.w.u.CommonUtil                   : Response JsonData:::::getCompletedChallenge:::::null:::::null
2022-03-16 13:58:48.244 DEBUG wellness-api-5d877dd8b9-5jh4v --- [nio-8081-exec-4] c.a.a.w.w.c.JwtAuthenticationFilter      : security context was null, so authorizating user
2022-03-16 13:58:48.353  INFO wellness-api-5d877dd8b9-5jh4v --- [nio-8081-exec-4] c.a.a.w.w.c.ChallengeRestController      : ====== Start getChallengeList API =====
2022-03-16 13:58:48.353  INFO wellness-api-5d877dd8b9-5jh4v --- [nio-8081-exec-4] c.a.a.w.w.c.ChallengeRestController      : getChallengeList API (Request) : {"challengeTypeId":1,"features":0,"challengeId":null}
2022-03-16 13:58:48.353  INFO wellness-api-5d877dd8b9-5jh4v --- [nio-8081-exec-4] c.a.a.w.w.s.i.MemberService              : SUB : 09450014670
2022-03-16 13:58:48.394  INFO wellness-api-5d877dd8b9-5jh4v --- [nio-8081-exec-4] c.a.a.w.w.c.ChallengeRestController      : Member Id : 10266
2022-03-16 13:58:48.394  INFO wellness-api-5d877dd8b9-5jh4v --- [nio-8081-exec-4] c.a.a.w.w.c.ChallengeRestController      : Member Name : Htoo Myat
2022-03-16 13:58:48.413  INFO wellness-api-5d877dd8b9-5jh4v --- [nio-8081-exec-4] c.a.a.w.w.s.i.ChallengeService           : Get Challenge List By ChallengeType : 6
2022-03-16 13:58:48.413  INFO wellness-api-5d877dd8b9-5jh4v --- [nio-8081-exec-4] c.a.a.w.w.s.i.ChallengeService           : Total Challenge Count : 6
2022-03-16 13:58:48.414  INFO wellness-api-5d877dd8b9-5jh4v --- [nio-8081-exec-4] c.a.a.w.w.s.i.ChallengeService           : Member Tier : Challenge Conqueror
2022-03-16 13:58:48.414  INFO wellness-api-5d877dd8b9-5jh4v --- [nio-8081-exec-4] c.a.a.w.w.s.i.ChallengeService           : Start Challenge Object Mapping
2022-03-16 13:58:48.414  INFO wellness-api-5d877dd8b9-5jh4v --- [nio-8081-exec-4] c.a.a.w.w.s.i.ChallengeService           : Challenge Name : ZWEGABIN
2022-03-16 13:58:48.415  INFO wellness-api-5d877dd8b9-5jh4v --- [nio-8081-exec-4] c.a.a.w.w.s.i.ChallengeService           : Challenge Name : KYAIKTIYO
2022-03-16 13:58:48.416  INFO wellness-api-5d877dd8b9-5jh4v --- [nio-8081-exec-4] c.a.a.w.w.s.i.ChallengeService           : Challenge Name : Mandalay Hill
2022-03-16 13:58:48.416  INFO wellness-api-5d877dd8b9-5jh4v --- [nio-8081-exec-4] c.a.a.w.w.s.i.ChallengeService           : Challenge Name : Test Noti Daily Challenge
2022-03-16 13:58:48.416  INFO wellness-api-5d877dd8b9-5jh4v --- [nio-8081-exec-4] c.a.a.w.w.s.i.ChallengeService           : Challenge Name : Test Level Up Challenge
2022-03-16 13:58:48.417  INFO wellness-api-5d877dd8b9-5jh4v --- [nio-8081-exec-4] c.a.a.w.w.s.i.ChallengeService           : Challenge Name : Test daily challenge noti
2022-03-16 13:58:48.418  INFO wellness-api-5d877dd8b9-5jh4v --- [nio-8081-exec-4] c.a.a.w.w.s.i.ChallengeService           : End Challenge Object Mapping
2022-03-16 13:58:48.421  INFO wellness-api-5d877dd8b9-5jh4v --- [nio-8081-exec-4] c.a.a.w.w.c.ChallengeRestController      : getChallengeList API (Response) : {"timestamp":1647415728420,"responseCode":200,"responseDescription":"Success!","data":[{"id":2,"name":"ZWEGABIN","description":"finish 1,00 steps within one day!\r\n","totalPeriodDays":1,"dailyMiniumSteps":100,"totalSteps":100,"earnPoint":10,"actualDay":1,"rewardType":null,"rewardName":null,"rewardDescription":null,"hightlight":null,"photo":null,"photoUrl":"https://uat.aia.com.mm/api/photos/challenge/challenge_2_Mount Victoria (1).png","challengeType":"Daily Challenge","requirements":null,"challengeStartDate":"2021-01-10","challengeEndDate":"2022-03-31","special":false,"enable":true}],"memberChallenge":null}
2022-03-16 13:58:48.421  INFO wellness-api-5d877dd8b9-5jh4v --- [nio-8081-exec-4] c.a.a.w.w.c.ChallengeRestController      : ====== End getChallengeList API =====
2022-03-16 13:58:52.864 DEBUG wellness-api-5d877dd8b9-5jh4v --- [nio-8081-exec-6] c.a.a.w.w.c.JwtAuthenticationFilter      : security context was null, so authorizating user
2022-03-16 13:58:52.972  INFO wellness-api-5d877dd8b9-5jh4v --- [nio-8081-exec-6] c.a.a.w.w.c.ChallengeRestController      : ====== Start getChallengeList API =====
2022-03-16 13:58:52.973  INFO wellness-api-5d877dd8b9-5jh4v --- [nio-8081-exec-6] c.a.a.w.w.c.ChallengeRestController      : getChallengeList API (Request) : {"challengeTypeId":2,"features":0,"challengeId":null}
2022-03-16 13:58:52.973  INFO wellness-api-5d877dd8b9-5jh4v --- [nio-8081-exec-6] c.a.a.w.w.s.i.MemberService              : SUB : 09450014670
2022-03-16 13:58:53.010  INFO wellness-api-5d877dd8b9-5jh4v --- [nio-8081-exec-6] c.a.a.w.w.c.ChallengeRestController      : Member Id : 10266
2022-03-16 13:58:53.011  INFO wellness-api-5d877dd8b9-5jh4v --- [nio-8081-exec-6] c.a.a.w.w.c.ChallengeRestController      : Member Name : Htoo Myat
2022-03-16 13:58:53.024  INFO wellness-api-5d877dd8b9-5jh4v --- [nio-8081-exec-6] c.a.a.w.w.s.i.ChallengeService           : Get Challenge List By ChallengeType : 5
2022-03-16 13:58:53.024  INFO wellness-api-5d877dd8b9-5jh4v --- [nio-8081-exec-6] c.a.a.w.w.s.i.ChallengeService           : Total Challenge Count : 5
2022-03-16 13:58:53.025  INFO wellness-api-5d877dd8b9-5jh4v --- [nio-8081-exec-6] c.a.a.w.w.s.i.ChallengeService           : Member Tier : Challenge Conqueror
2022-03-16 13:58:53.025  INFO wellness-api-5d877dd8b9-5jh4v --- [nio-8081-exec-6] c.a.a.w.w.s.i.ChallengeService           : Start Challenge Object Mapping
2022-03-16 13:58:53.025  INFO wellness-api-5d877dd8b9-5jh4v --- [nio-8081-exec-6] c.a.a.w.w.s.i.ChallengeService           : Challenge Name : Natma
2022-03-16 13:58:53.025  INFO wellness-api-5d877dd8b9-5jh4v --- [nio-8081-exec-6] c.a.a.w.w.s.i.ChallengeService           : Challenge Name : Naga Hill
2022-03-16 13:58:53.026  INFO wellness-api-5d877dd8b9-5jh4v --- [nio-8081-exec-6] c.a.a.w.w.s.i.ChallengeService           : Challenge Name : Popa
2022-03-16 13:58:53.026  INFO wellness-api-5d877dd8b9-5jh4v --- [nio-8081-exec-6] c.a.a.w.w.s.i.ChallengeService           : Challenge Name : UAT Weekly Test 1 Challenge
2022-03-16 13:58:53.026  INFO wellness-api-5d877dd8b9-5jh4v --- [nio-8081-exec-6] c.a.a.w.w.s.i.ChallengeService           : Challenge Name : UAT Weekly Test 2 Challenge
2022-03-16 13:58:53.028  INFO wellness-api-5d877dd8b9-5jh4v --- [nio-8081-exec-6] c.a.a.w.w.s.i.ChallengeService           : End Challenge Object Mapping
2022-03-16 13:58:53.031  INFO wellness-api-5d877dd8b9-5jh4v --- [nio-8081-exec-6] c.a.a.w.w.c.ChallengeRestController      : getChallengeList API (Response) : {"timestamp":1647415733029,"responseCode":200,"responseDescription":"Success!","data":[{"id":99,"name":"Natma","description":"finish 3,000 steps per day for 5 days in a week!","totalPeriodDays":7,"dailyMiniumSteps":2000,"totalSteps":10000,"earnPoint":1000,"actualDay":5,"rewardType":null,"rewardName":null,"rewardDescription":null,"hightlight":null,"photo":null,"photoUrl":"https://uat.aia.com.mm/api/photos/challenge/challenge_99_Mount Nattaung.png","challengeType":"Weekly Challenge","requirements":null,"challengeStartDate":"2021-04-09","challengeEndDate":"2022-03-31","special":false,"enable":true},{"id":101,"name":"Naga Hill","description":"finish 3,000 steps per day for 5 days in a week!","totalPeriodDays":7,"dailyMiniumSteps":3000,"totalSteps":15000,"earnPoint":2500,"actualDay":5,"rewardType":null,"rewardName":null,"rewardDescription":null,"hightlight":null,"photo":null,"photoUrl":"https://uat.aia.com.mm/api/photos/challenge/challenge_101_Mandalay Hill.jpeg","challengeType":"Weekly Challenge","requirements":null,"challengeStartDate":"2022-03-01","challengeEndDate":"2022-03-31","special":false,"enable":true},{"id":142,"name":"Popa","description":"","totalPeriodDays":7,"dailyMiniumSteps":300,"totalSteps":1500,"earnPoint":150,"actualDay":5,"rewardType":null,"rewardName":null,"rewardDescription":null,"hightlight":null,"photo":null,"photoUrl":"https://uat.aia.com.mm/api/photos/challenge/challenge_142_Mount Popa - Taungkelet.png","challengeType":"Weekly Challenge","requirements":null,"challengeStartDate":"2021-06-18","challengeEndDate":"2022-03-31","special":false,"enable":true},{"id":145,"name":"UAT Weekly Test 1 Challenge","description":"finish 10 steps per day for 2 days in a week","totalPeriodDays":2,"dailyMiniumSteps":10,"totalSteps":20,"earnPoint":2,"actualDay":2,"rewardType":null,"rewardName":null,"rewardDescription":null,"hightlight":null,"photo":null,"photoUrl":"https://uat.aia.com.mm/api/photos/challenge/challenge_145_weekly1.jpg","challengeType":"Weekly Challenge","requirements":null,"challengeStartDate":"2022-02-14","challengeEndDate":"2022-03-31","special":false,"enable":true},{"id":146,"name":"UAT Weekly Test 2 Challenge","description":"finish 500 steps per day for 2 days in a week","totalPeriodDays":2,"dailyMiniumSteps":500,"totalSteps":1000,"earnPoint":100,"actualDay":2,"rewardType":null,"rewardName":null,"rewardDescription":null,"hightlight":null,"photo":null,"photoUrl":"https://uat.aia.com.mm/api/photos/challenge/challenge_146_1MB.jpg","challengeType":"Weekly Challenge","requirements":null,"challengeStartDate":"2022-02-14","challengeEndDate":"2022-03-31","special":false,"enable":true}],"memberChallenge":null}
2022-03-16 13:58:53.031  INFO wellness-api-5d877dd8b9-5jh4v --- [nio-8081-exec-6] c.a.a.w.w.c.ChallengeRestController      : ====== End getChallengeList API =====
2022-03-16 14:51:20.926 DEBUG wellness-api-5d877dd8b9-5jh4v --- [nio-8081-exec-5] c.a.a.w.w.c.JwtAuthenticationFilter      : security context was null, so authorizating user
2022-03-16 14:51:20.937 DEBUG wellness-api-5d877dd8b9-5jh4v --- [nio-8081-exec-4] c.a.a.w.w.c.JwtAuthenticationFilter      : security context was null, so authorizating user
2022-03-16 14:51:20.982  INFO wellness-api-5d877dd8b9-5jh4v --- [nio-8081-exec-4] c.a.a.w.w.c.CustomDataSource             : get connection from super exception, re generate the access token begin
2022-03-16 14:51:20.983  INFO wellness-api-5d877dd8b9-5jh4v --- [ool-11-thread-1] c.m.a.a.AuthenticationAuthority          : [Correlation ID: af8d2a20-cdc8-46ec-bd92-4fde60d16513] Instance discovery was successful
2022-03-16 14:51:20.985  INFO wellness-api-5d877dd8b9-5jh4v --- [nio-8081-exec-5] c.a.a.w.w.c.CustomDataSource             : get connection from super exception, re generate the access token begin
2022-03-16 14:51:20.986  INFO wellness-api-5d877dd8b9-5jh4v --- [ool-12-thread-1] c.m.a.a.AuthenticationAuthority          : [Correlation ID: 63392464-52b5-48cb-a808-fd1cfc249cc7] Instance discovery was successful
2022-03-16 14:51:21.228  INFO wellness-api-5d877dd8b9-5jh4v --- [nio-8081-exec-5] c.a.a.w.w.s.i.MemberService              : SUB : 09769858936
2022-03-16 14:51:21.312  INFO wellness-api-5d877dd8b9-5jh4v --- [nio-8081-exec-5] c.a.a.w.w.s.i.DailyStepService           : Old daily step : AbstractVersionTrack(createdDate=2022-03-16 11:22:53.833, createdUserId=10297, updatedDate=2022-03-16 11:47:31.867, updatedUserId=10297, version=3, isDelete=false)
2022-03-16 14:51:21.315  INFO wellness-api-5d877dd8b9-5jh4v --- [nio-8081-exec-4] c.a.a.w.w.s.i.MemberService              : SUB : 09769858936
2022-03-16 14:51:21.430  INFO wellness-api-5d877dd8b9-5jh4v --- [nio-8081-exec-4] c.a.a.w.w.s.i.DailyStepService           : Old daily step : AbstractVersionTrack(createdDate=2022-03-16 11:22:53.833, createdUserId=10297, updatedDate=2022-03-16 14:51:21.312, updatedUserId=10297, version=4, isDelete=false)
2022-03-16 14:51:21.459 ERROR wellness-api-5d877dd8b9-5jh4v --- [nio-8081-exec-4] c.a.a.w.w.c.DailyStepController          : Step Sync Exception ::::::::::: Object of class [com.aia.ace.wellness.webapi.datamodel.Member] with identifier [10297]: optimistic locking failed; nested exception is org.hibernate.StaleObjectStateException: Row was updated or deleted by another transaction (or unsaved-value mapping was incorrect) : [com.aia.ace.wellness.webapi.datamodel.Member#10297]
2022-03-16 14:51:21.460  INFO wellness-api-5d877dd8b9-5jh4v --- [nio-8081-exec-4] c.a.a.w.w.s.i.MemberService              : SUB : 09769858936
2022-03-16 14:58:59.302 DEBUG wellness-api-5d877dd8b9-5jh4v --- [nio-8081-exec-2] c.a.a.w.w.c.JwtAuthenticationFilter      : security context was null, so authorizating user
2022-03-16 14:58:59.438  INFO wellness-api-5d877dd8b9-5jh4v --- [nio-8081-exec-2] c.a.a.w.w.s.i.MemberService              : SUB : 09769858936
2022-03-16 14:58:59.470 DEBUG wellness-api-5d877dd8b9-5jh4v --- [nio-8081-exec-7] c.a.a.w.w.c.JwtAuthenticationFilter      : security context was null, so authorizating user
2022-03-16 14:58:59.520  INFO wellness-api-5d877dd8b9-5jh4v --- [nio-8081-exec-2] c.a.a.w.w.u.CommonUtil                   : Date:::::Wed Mar 16 14:58:59 MMT 2022
2022-03-16 14:58:59.520  INFO wellness-api-5d877dd8b9-5jh4v --- [nio-8081-exec-2] c.a.a.w.w.u.CommonUtil                   : Response JsonData:::::myChallenge:::::200:::::Success!
2022-03-16 14:58:59.648  INFO wellness-api-5d877dd8b9-5jh4v --- [nio-8081-exec-7] c.a.a.w.w.s.i.MemberService              : SUB : 09769858936
2022-03-16 14:58:59.724  INFO wellness-api-5d877dd8b9-5jh4v --- [nio-8081-exec-7] c.a.a.w.w.s.i.DailyStepService           : Old daily step : AbstractVersionTrack(createdDate=2022-03-16 11:22:53.833, createdUserId=10297, updatedDate=2022-03-16 14:51:21.43, updatedUserId=10297, version=5, isDelete=false)
2022-03-16 14:58:59.875 DEBUG wellness-api-5d877dd8b9-5jh4v --- [nio-8081-exec-1] c.a.a.w.w.c.JwtAuthenticationFilter      : security context was null, so authorizating user
2022-03-16 14:59:00.068  INFO wellness-api-5d877dd8b9-5jh4v --- [nio-8081-exec-1] c.a.a.w.w.s.i.MemberService              : SUB : 09769858936
2022-03-16 14:59:00.161  INFO wellness-api-5d877dd8b9-5jh4v --- [nio-8081-exec-1] c.a.a.w.w.s.i.DailyStepService           : Old daily step : AbstractVersionTrack(createdDate=2022-03-16 11:22:53.833, createdUserId=10297, updatedDate=2022-03-16 14:58:59.725, updatedUserId=10297, version=6, isDelete=false)
2022-03-16 14:59:00.602 DEBUG wellness-api-5d877dd8b9-5jh4v --- [nio-8081-exec-8] c.a.a.w.w.c.JwtAuthenticationFilter      : security context was null, so authorizating user
2022-03-16 14:59:00.715  INFO wellness-api-5d877dd8b9-5jh4v --- [nio-8081-exec-8] c.a.a.w.w.s.i.MemberService              : SUB : 09769858936
2022-03-16 14:59:00.766  INFO wellness-api-5d877dd8b9-5jh4v --- [nio-8081-exec-8] c.a.a.w.w.u.CommonUtil                   : Date:::::Wed Mar 16 14:59:00 MMT 2022
2022-03-16 14:59:00.766  INFO wellness-api-5d877dd8b9-5jh4v --- [nio-8081-exec-8] c.a.a.w.w.u.CommonUtil                   : Response JsonData:::::myChallenge:::::200:::::Success!
2022-03-16 15:06:55.172 DEBUG wellness-api-5d877dd8b9-5jh4v --- [nio-8081-exec-4] c.a.a.w.w.c.JwtAuthenticationFilter      : security context was null, so authorizating user
2022-03-16 15:06:55.356  INFO wellness-api-5d877dd8b9-5jh4v --- [nio-8081-exec-4] c.a.a.w.w.s.i.MemberService              : SUB : 09769858936
2022-03-16 15:06:55.399 DEBUG wellness-api-5d877dd8b9-5jh4v --- [nio-8081-exec-3] c.a.a.w.w.c.JwtAuthenticationFilter      : security context was null, so authorizating user
2022-03-16 15:06:55.452  INFO wellness-api-5d877dd8b9-5jh4v --- [nio-8081-exec-4] c.a.a.w.w.s.i.DailyStepService           : Old daily step : AbstractVersionTrack(createdDate=2022-03-16 11:22:53.833, createdUserId=10297, updatedDate=2022-03-16 14:59:00.161, updatedUserId=10297, version=7, isDelete=false)
2022-03-16 15:06:55.610  INFO wellness-api-5d877dd8b9-5jh4v --- [nio-8081-exec-3] c.a.a.w.w.s.i.MemberService              : SUB : 09769858936
2022-03-16 15:06:55.673  INFO wellness-api-5d877dd8b9-5jh4v --- [nio-8081-exec-3] c.a.a.w.w.s.i.DailyStepService           : Old daily step : AbstractVersionTrack(createdDate=2022-03-16 11:22:53.833, createdUserId=10297, updatedDate=2022-03-16 15:06:55.452, updatedUserId=10297, version=8, isDelete=false)
2022-03-16 15:06:56.176 DEBUG wellness-api-5d877dd8b9-5jh4v --- [nio-8081-exec-6] c.a.a.w.w.c.JwtAuthenticationFilter      : security context was null, so authorizating user
2022-03-16 15:06:56.304  INFO wellness-api-5d877dd8b9-5jh4v --- [nio-8081-exec-6] c.a.a.w.w.s.i.MemberService              : SUB : 09769858936
2022-03-16 15:06:56.348  INFO wellness-api-5d877dd8b9-5jh4v --- [nio-8081-exec-6] c.a.a.w.w.u.CommonUtil                   : Date:::::Wed Mar 16 15:06:56 MMT 2022
2022-03-16 15:06:56.348  INFO wellness-api-5d877dd8b9-5jh4v --- [nio-8081-exec-6] c.a.a.w.w.u.CommonUtil                   : Response JsonData:::::myChallenge:::::200:::::Success!
2022-03-16 16:01:58.988 DEBUG wellness-api-5d877dd8b9-5jh4v --- [nio-8081-exec-7] c.a.a.w.w.c.JwtAuthenticationFilter      : security context was null, so authorizating user
2022-03-16 16:01:59.160  INFO wellness-api-5d877dd8b9-5jh4v --- [nio-8081-exec-7] c.a.a.w.w.s.i.MemberService              : SUB : 09769858936
2022-03-16 17:00:03.764 ERROR wellness-api-5d877dd8b9-5jh4v --- [   scheduling-1] c.a.a.w.w.s.i.PushNotificationService    : com.google.firebase.messaging.FirebaseMessagingException: Requested entity was not found.
2022-03-16 17:00:04.214 ERROR wellness-api-5d877dd8b9-5jh4v --- [   scheduling-1] c.a.a.w.w.s.i.PushNotificationService    : com.google.firebase.messaging.FirebaseMessagingException: Requested entity was not found.
2022-03-16 17:00:04.886 ERROR wellness-api-5d877dd8b9-5jh4v --- [   scheduling-1] c.a.a.w.w.s.i.PushNotificationService    : com.google.firebase.messaging.FirebaseMessagingException: Requested entity was not found.
2022-03-16 17:59:58.778 DEBUG wellness-api-5d877dd8b9-5jh4v --- [nio-8081-exec-1] c.a.a.w.w.c.JwtAuthenticationFilter      : security context was null, so authorizating user
2022-03-16 17:59:58.780 DEBUG wellness-api-5d877dd8b9-5jh4v --- [nio-8081-exec-8] c.a.a.w.w.c.JwtAuthenticationFilter      : security context was null, so authorizating user
2022-03-16 17:59:58.829  INFO wellness-api-5d877dd8b9-5jh4v --- [nio-8081-exec-1] c.a.a.w.w.c.CustomDataSource             : get connection from super exception, re generate the access token begin
2022-03-16 17:59:58.830  INFO wellness-api-5d877dd8b9-5jh4v --- [nio-8081-exec-8] c.a.a.w.w.c.CustomDataSource             : get connection from super exception, re generate the access token begin
2022-03-16 17:59:58.831  INFO wellness-api-5d877dd8b9-5jh4v --- [ool-14-thread-1] c.m.a.a.AuthenticationAuthority          : [Correlation ID: 5d1d2585-13e7-4ee2-a31d-884ba7c0c66e] Instance discovery was successful
2022-03-16 17:59:58.832  INFO wellness-api-5d877dd8b9-5jh4v --- [ool-13-thread-1] c.m.a.a.AuthenticationAuthority          : [Correlation ID: c9de24a5-6344-4405-80db-1616c036cf16] Instance discovery was successful
2022-03-16 17:59:59.188  INFO wellness-api-5d877dd8b9-5jh4v --- [nio-8081-exec-8] c.a.a.w.w.s.i.MemberService              : SUB : 09769858936
2022-03-16 17:59:59.193  INFO wellness-api-5d877dd8b9-5jh4v --- [nio-8081-exec-1] c.a.a.w.w.s.i.MemberService              : SUB : 09769858936
2022-03-16 17:59:59.242  INFO wellness-api-5d877dd8b9-5jh4v --- [nio-8081-exec-8] c.a.a.w.w.s.i.DailyStepService           : Old daily step : AbstractVersionTrack(createdDate=2022-03-16 11:22:53.833, createdUserId=10297, updatedDate=2022-03-16 15:06:55.674, updatedUserId=10297, version=9, isDelete=false)
2022-03-16 17:59:59.258  INFO wellness-api-5d877dd8b9-5jh4v --- [nio-8081-exec-1] c.a.a.w.w.s.i.DailyStepService           : Old daily step : AbstractVersionTrack(createdDate=2022-03-16 11:22:53.833, createdUserId=10297, updatedDate=2022-03-16 17:59:59.243, updatedUserId=10297, version=10, isDelete=false)
2022-03-16 17:59:59.416 ERROR wellness-api-5d877dd8b9-5jh4v --- [nio-8081-exec-1] c.a.a.w.w.c.DailyStepController          : Step Sync Exception ::::::::::: Object of class [com.aia.ace.wellness.webapi.datamodel.Member] with identifier [10297]: optimistic locking failed; nested exception is org.hibernate.StaleObjectStateException: Row was updated or deleted by another transaction (or unsaved-value mapping was incorrect) : [com.aia.ace.wellness.webapi.datamodel.Member#10297]
2022-03-16 17:59:59.416  INFO wellness-api-5d877dd8b9-5jh4v --- [nio-8081-exec-1] c.a.a.w.w.s.i.MemberService              : SUB : 09769858936
2022-03-16 18:07:34.249 DEBUG wellness-api-5d877dd8b9-5jh4v --- [nio-8081-exec-5] c.a.a.w.w.c.JwtAuthenticationFilter      : security context was null, so authorizating user
2022-03-16 18:07:34.401  INFO wellness-api-5d877dd8b9-5jh4v --- [nio-8081-exec-5] c.a.a.w.w.s.i.MemberService              : SUB : 09769858936
2022-03-16 18:07:34.425 DEBUG wellness-api-5d877dd8b9-5jh4v --- [nio-8081-exec-4] c.a.a.w.w.c.JwtAuthenticationFilter      : security context was null, so authorizating user
2022-03-16 18:07:34.466  INFO wellness-api-5d877dd8b9-5jh4v --- [nio-8081-exec-5] c.a.a.w.w.s.i.DailyStepService           : Old daily step : AbstractVersionTrack(createdDate=2022-03-16 11:22:53.833, createdUserId=10297, updatedDate=2022-03-16 17:59:59.258, updatedUserId=10297, version=11, isDelete=false)
2022-03-16 18:07:34.642  INFO wellness-api-5d877dd8b9-5jh4v --- [nio-8081-exec-4] c.a.a.w.w.s.i.MemberService              : SUB : 09769858936
2022-03-16 18:07:34.705  INFO wellness-api-5d877dd8b9-5jh4v --- [nio-8081-exec-4] c.a.a.w.w.s.i.DailyStepService           : Old daily step : AbstractVersionTrack(createdDate=2022-03-16 11:22:53.833, createdUserId=10297, updatedDate=2022-03-16 18:07:34.466, updatedUserId=10297, version=12, isDelete=false)
2022-03-16 18:15:19.218 DEBUG wellness-api-5d877dd8b9-5jh4v --- [nio-8081-exec-2] c.a.a.w.w.c.JwtAuthenticationFilter      : security context was null, so authorizating user
2022-03-16 18:15:19.269 DEBUG wellness-api-5d877dd8b9-5jh4v --- [nio-8081-exec-7] c.a.a.w.w.c.JwtAuthenticationFilter      : security context was null, so authorizating user
2022-03-16 18:15:19.355  INFO wellness-api-5d877dd8b9-5jh4v --- [nio-8081-exec-2] c.a.a.w.w.s.i.MemberService              : SUB : 09769858936
2022-03-16 18:15:19.384  INFO wellness-api-5d877dd8b9-5jh4v --- [nio-8081-exec-7] c.a.a.w.w.s.i.MemberService              : SUB : 09769858936
2022-03-16 18:15:19.438  INFO wellness-api-5d877dd8b9-5jh4v --- [nio-8081-exec-2] c.a.a.w.w.s.i.DailyStepService           : Old daily step : AbstractVersionTrack(createdDate=2022-03-16 11:22:53.833, createdUserId=10297, updatedDate=2022-03-16 18:07:34.705, updatedUserId=10297, version=13, isDelete=false)
2022-03-16 18:15:19.448  INFO wellness-api-5d877dd8b9-5jh4v --- [nio-8081-exec-7] c.a.a.w.w.s.i.DailyStepService           : Old daily step : AbstractVersionTrack(createdDate=2022-03-16 11:22:53.833, createdUserId=10297, updatedDate=2022-03-16 18:07:34.705, updatedUserId=10297, version=13, isDelete=false)
2022-03-16 18:15:19.460 ERROR wellness-api-5d877dd8b9-5jh4v --- [nio-8081-exec-7] c.a.a.w.w.c.DailyStepController          : Step Sync Exception ::::::::::: Object of class [com.aia.ace.wellness.webapi.datamodel.DailyStep] with identifier [15035]: optimistic locking failed; nested exception is org.hibernate.StaleObjectStateException: Row was updated or deleted by another transaction (or unsaved-value mapping was incorrect) : [com.aia.ace.wellness.webapi.datamodel.DailyStep#15035]
2022-03-16 18:15:19.460  INFO wellness-api-5d877dd8b9-5jh4v --- [nio-8081-exec-7] c.a.a.w.w.s.i.MemberService              : SUB : 09769858936
2022-03-16 18:15:20.470 DEBUG wellness-api-5d877dd8b9-5jh4v --- [nio-8081-exec-8] c.a.a.w.w.c.JwtAuthenticationFilter      : security context was null, so authorizating user
2022-03-16 18:15:20.600  INFO wellness-api-5d877dd8b9-5jh4v --- [nio-8081-exec-8] c.a.a.w.w.s.i.MemberService              : SUB : 09769858936
2022-03-16 18:15:20.645  INFO wellness-api-5d877dd8b9-5jh4v --- [nio-8081-exec-8] c.a.a.w.w.u.CommonUtil                   : Date:::::Wed Mar 16 18:15:20 MMT 2022
2022-03-16 18:15:20.645  INFO wellness-api-5d877dd8b9-5jh4v --- [nio-8081-exec-8] c.a.a.w.w.u.CommonUtil                   : Response JsonData:::::myChallenge:::::200:::::Success!
2022-03-16 19:21:49.452 DEBUG wellness-api-5d877dd8b9-5jh4v --- [nio-8081-exec-9] c.a.a.w.w.c.JwtAuthenticationFilter      : security context was null, so authorizating user
2022-03-16 19:21:49.538  INFO wellness-api-5d877dd8b9-5jh4v --- [nio-8081-exec-9] c.a.a.w.w.s.i.MemberService              : SUB : 001541.126e87f88b024021ad6a295109949f03.0509
2022-03-16 19:21:49.604  INFO wellness-api-5d877dd8b9-5jh4v --- [nio-8081-exec-9] c.a.a.w.w.s.i.DailyStepService           : Old daily step : AbstractVersionTrack(createdDate=2022-03-15 10:33:08.136, createdUserId=10283, updatedDate=2022-03-15 20:30:14.328, updatedUserId=10283, version=29, isDelete=false)
2022-03-16 19:21:49.778  INFO wellness-api-5d877dd8b9-5jh4v --- [nio-8081-exec-9] c.a.a.w.w.s.i.DailyStepService           : Old daily step : null
2022-03-16 19:29:51.942 DEBUG wellness-api-5d877dd8b9-5jh4v --- [nio-8081-exec-4] c.a.a.w.w.c.JwtAuthenticationFilter      : security context was null, so authorizating user
2022-03-16 19:29:52.047  INFO wellness-api-5d877dd8b9-5jh4v --- [nio-8081-exec-4] c.a.a.w.w.s.i.MemberService              : SUB : 001541.126e87f88b024021ad6a295109949f03.0509
2022-03-16 19:29:52.066 DEBUG wellness-api-5d877dd8b9-5jh4v --- [nio-8081-exec-3] c.a.a.w.w.c.JwtAuthenticationFilter      : security context was null, so authorizating user
2022-03-16 19:29:52.124  INFO wellness-api-5d877dd8b9-5jh4v --- [nio-8081-exec-4] c.a.a.w.w.s.i.DailyStepService           : Old daily step : AbstractVersionTrack(createdDate=2022-02-16 10:19:12.368, createdUserId=10283, updatedDate=2022-03-15 10:33:17.897, updatedUserId=10283, version=23, isDelete=false)
2022-03-16 19:29:52.185  INFO wellness-api-5d877dd8b9-5jh4v --- [nio-8081-exec-3] c.a.a.w.w.s.i.MemberService              : SUB : 001541.126e87f88b024021ad6a295109949f03.0509
2022-03-16 19:29:52.283  INFO wellness-api-5d877dd8b9-5jh4v --- [nio-8081-exec-3] c.a.a.w.w.s.i.DailyStepService           : Old daily step : AbstractVersionTrack(createdDate=2022-02-16 10:19:12.368, createdUserId=10283, updatedDate=2022-03-16 19:29:52.124, updatedUserId=10283, version=24, isDelete=false)
2022-03-16 19:29:52.292  INFO wellness-api-5d877dd8b9-5jh4v --- [nio-8081-exec-4] c.a.a.w.w.s.i.DailyStepService           : Old daily step : AbstractVersionTrack(createdDate=2022-02-17 11:32:55.513, createdUserId=10283, updatedDate=2022-03-15 10:33:17.986, updatedUserId=10283, version=37, isDelete=false)
2022-03-16 19:29:52.346  INFO wellness-api-5d877dd8b9-5jh4v --- [nio-8081-exec-4] c.a.a.w.w.s.i.DailyStepService           : Old daily step : AbstractVersionTrack(createdDate=2022-02-18 11:29:36.619, createdUserId=10283, updatedDate=2022-03-15 10:33:18.047, updatedUserId=10283, version=24, isDelete=false)
2022-03-16 19:29:52.350 ERROR wellness-api-5d877dd8b9-5jh4v --- [nio-8081-exec-3] c.a.a.w.w.c.DailyStepController          : Step Sync Exception ::::::::::: Object of class [com.aia.ace.wellness.webapi.datamodel.Member] with identifier [10283]: optimistic locking failed; nested exception is org.hibernate.StaleObjectStateException: Row was updated or deleted by another transaction (or unsaved-value mapping was incorrect) : [com.aia.ace.wellness.webapi.datamodel.Member#10283]
2022-03-16 19:29:52.350  INFO wellness-api-5d877dd8b9-5jh4v --- [nio-8081-exec-3] c.a.a.w.w.s.i.MemberService              : SUB : 001541.126e87f88b024021ad6a295109949f03.0509
2022-03-16 19:29:52.930  INFO wellness-api-5d877dd8b9-5jh4v --- [nio-8081-exec-4] c.a.a.w.w.s.i.DailyStepService           : Old daily step : AbstractVersionTrack(createdDate=2022-02-19 16:12:45.626, createdUserId=10283, updatedDate=2022-03-15 10:33:18.116, updatedUserId=10283, version=21, isDelete=false)
2022-03-16 19:29:53.361  INFO wellness-api-5d877dd8b9-5jh4v --- [nio-8081-exec-4] c.a.a.w.w.s.i.DailyStepService           : Old daily step : AbstractVersionTrack(createdDate=2022-02-20 20:33:16.625, createdUserId=10283, updatedDate=2022-03-15 10:33:18.285, updatedUserId=10283, version=19, isDelete=false)
2022-03-16 19:29:53.766  INFO wellness-api-5d877dd8b9-5jh4v --- [nio-8081-exec-4] c.a.a.w.w.s.i.DailyStepService           : Old daily step : AbstractVersionTrack(createdDate=2022-02-21 10:36:13.756, createdUserId=10283, updatedDate=2022-03-15 10:33:18.334, updatedUserId=10283, version=31, isDelete=false)
2022-03-16 19:29:53.880  INFO wellness-api-5d877dd8b9-5jh4v --- [nio-8081-exec-4] c.a.a.w.w.s.i.DailyStepService           : Old daily step : AbstractVersionTrack(createdDate=2022-02-22 10:01:23.346, createdUserId=10283, updatedDate=2022-03-15 10:33:18.439, updatedUserId=10283, version=19, isDelete=false)
2022-03-16 19:29:53.919  INFO wellness-api-5d877dd8b9-5jh4v --- [nio-8081-exec-4] c.a.a.w.w.s.i.DailyStepService           : Old daily step : AbstractVersionTrack(createdDate=2022-02-23 21:54:02.47, createdUserId=10283, updatedDate=2022-03-15 10:33:18.564, updatedUserId=10283, version=17, isDelete=false)
2022-03-16 19:29:53.966  INFO wellness-api-5d877dd8b9-5jh4v --- [nio-8081-exec-4] c.a.a.w.w.s.i.DailyStepService           : Old daily step : AbstractVersionTrack(createdDate=2022-02-24 09:04:39.657, createdUserId=10283, updatedDate=2022-03-15 10:33:18.648, updatedUserId=10283, version=16, isDelete=false)
2022-03-16 19:29:54.011  INFO wellness-api-5d877dd8b9-5jh4v --- [nio-8081-exec-4] c.a.a.w.w.s.i.DailyStepService           : Old daily step : AbstractVersionTrack(createdDate=2022-02-25 14:45:29.063, createdUserId=10283, updatedDate=2022-03-15 10:33:18.726, updatedUserId=10283, version=26, isDelete=false)
2022-03-16 19:29:54.050  INFO wellness-api-5d877dd8b9-5jh4v --- [nio-8081-exec-4] c.a.a.w.w.s.i.DailyStepService           : Old daily step : AbstractVersionTrack(createdDate=2022-02-26 08:49:53.708, createdUserId=10283, updatedDate=2022-03-15 10:33:18.801, updatedUserId=10283, version=25, isDelete=false)
2022-03-16 19:29:54.089  INFO wellness-api-5d877dd8b9-5jh4v --- [nio-8081-exec-4] c.a.a.w.w.s.i.DailyStepService           : Old daily step : AbstractVersionTrack(createdDate=2022-02-27 09:56:12.471, createdUserId=10283, updatedDate=2022-03-15 10:33:18.905, updatedUserId=10283, version=11, isDelete=false)
2022-03-16 19:29:54.130  INFO wellness-api-5d877dd8b9-5jh4v --- [nio-8081-exec-4] c.a.a.w.w.s.i.DailyStepService           : Old daily step : AbstractVersionTrack(createdDate=2022-02-28 10:55:11.647, createdUserId=10283, updatedDate=2022-03-15 10:33:19.003, updatedUserId=10283, version=16, isDelete=false)
2022-03-16 19:29:54.168  INFO wellness-api-5d877dd8b9-5jh4v --- [nio-8081-exec-4] c.a.a.w.w.s.i.DailyStepService           : Old daily step : AbstractVersionTrack(createdDate=2022-03-01 09:46:29.388, createdUserId=10283, updatedDate=2022-03-15 10:33:19.056, updatedUserId=10283, version=24, isDelete=false)
2022-03-16 19:29:54.205  INFO wellness-api-5d877dd8b9-5jh4v --- [nio-8081-exec-4] c.a.a.w.w.s.i.DailyStepService           : Old daily step : AbstractVersionTrack(createdDate=2022-03-02 15:58:32.757, createdUserId=10283, updatedDate=2022-03-15 10:33:19.122, updatedUserId=10283, version=23, isDelete=false)
2022-03-16 19:29:54.241  INFO wellness-api-5d877dd8b9-5jh4v --- [nio-8081-exec-4] c.a.a.w.w.s.i.DailyStepService           : Old daily step : AbstractVersionTrack(createdDate=2022-03-03 08:50:36.904, createdUserId=10283, updatedDate=2022-03-15 10:33:19.175, updatedUserId=10283, version=16, isDelete=false)
2022-03-16 19:29:54.300  INFO wellness-api-5d877dd8b9-5jh4v --- [nio-8081-exec-4] c.a.a.w.w.s.i.DailyStepService           : Old daily step : AbstractVersionTrack(createdDate=2022-03-04 09:06:06.872, createdUserId=10283, updatedDate=2022-03-15 10:33:19.232, updatedUserId=10283, version=11, isDelete=false)
2022-03-16 19:29:54.337  INFO wellness-api-5d877dd8b9-5jh4v --- [nio-8081-exec-4] c.a.a.w.w.s.i.DailyStepService           : Old daily step : AbstractVersionTrack(createdDate=2022-03-07 21:05:15.16, createdUserId=10283, updatedDate=2022-03-15 10:33:19.302, updatedUserId=10283, version=6, isDelete=false)
2022-03-16 19:29:54.377  INFO wellness-api-5d877dd8b9-5jh4v --- [nio-8081-exec-4] c.a.a.w.w.s.i.DailyStepService           : Old daily step : AbstractVersionTrack(createdDate=2022-03-07 21:05:15.317, createdUserId=10283, updatedDate=2022-03-15 10:33:19.365, updatedUserId=10283, version=6, isDelete=false)
2022-03-16 19:29:54.417  INFO wellness-api-5d877dd8b9-5jh4v --- [nio-8081-exec-4] c.a.a.w.w.s.i.DailyStepService           : Old daily step : AbstractVersionTrack(createdDate=2022-03-07 21:05:15.357, createdUserId=10283, updatedDate=2022-03-15 10:33:19.427, updatedUserId=10283, version=14, isDelete=false)
2022-03-16 19:29:54.456  INFO wellness-api-5d877dd8b9-5jh4v --- [nio-8081-exec-4] c.a.a.w.w.s.i.DailyStepService           : Old daily step : AbstractVersionTrack(createdDate=2022-03-08 08:47:48.023, createdUserId=10283, updatedDate=2022-03-15 10:33:19.482, updatedUserId=10283, version=9, isDelete=false)
2022-03-16 19:29:54.493  INFO wellness-api-5d877dd8b9-5jh4v --- [nio-8081-exec-4] c.a.a.w.w.s.i.DailyStepService           : Old daily step : AbstractVersionTrack(createdDate=2022-03-09 08:57:33.525, createdUserId=10283, updatedDate=2022-03-15 10:33:19.545, updatedUserId=10283, version=9, isDelete=false)
2022-03-16 19:29:54.533  INFO wellness-api-5d877dd8b9-5jh4v --- [nio-8081-exec-4] c.a.a.w.w.s.i.DailyStepService           : Old daily step : AbstractVersionTrack(createdDate=2022-03-10 10:50:26.813, createdUserId=10283, updatedDate=2022-03-15 10:33:19.601, updatedUserId=10283, version=35, isDelete=false)
2022-03-16 19:29:54.694  INFO wellness-api-5d877dd8b9-5jh4v --- [nio-8081-exec-4] c.a.a.w.w.s.i.DailyStepService           : Old daily step : AbstractVersionTrack(createdDate=2022-03-11 11:29:04.375, createdUserId=10283, updatedDate=2022-03-15 10:33:19.662, updatedUserId=10283, version=8, isDelete=false)
2022-03-16 19:29:54.734  INFO wellness-api-5d877dd8b9-5jh4v --- [nio-8081-exec-4] c.a.a.w.w.s.i.DailyStepService           : Old daily step : AbstractVersionTrack(createdDate=2022-03-12 14:08:20.881, createdUserId=10283, updatedDate=2022-03-15 10:33:19.765, updatedUserId=10283, version=3, isDelete=false)
2022-03-16 19:29:54.970  INFO wellness-api-5d877dd8b9-5jh4v --- [nio-8081-exec-4] c.a.a.w.w.s.i.DailyStepService           : Old daily step : AbstractVersionTrack(createdDate=2022-03-14 16:00:19.671, createdUserId=10283, updatedDate=2022-03-15 10:33:19.827, updatedUserId=10283, version=2, isDelete=false)
2022-03-16 19:29:55.009  INFO wellness-api-5d877dd8b9-5jh4v --- [nio-8081-exec-4] c.a.a.w.w.s.i.DailyStepService           : Old daily step : AbstractVersionTrack(createdDate=2022-03-14 16:00:20.152, createdUserId=10283, updatedDate=2022-03-15 10:33:19.884, updatedUserId=10283, version=4, isDelete=false)
2022-03-16 19:29:55.047  INFO wellness-api-5d877dd8b9-5jh4v --- [nio-8081-exec-4] c.a.a.w.w.s.i.DailyStepService           : Old daily step : AbstractVersionTrack(createdDate=2022-03-15 10:33:08.136, createdUserId=10283, updatedDate=2022-03-16 19:21:49.604, updatedUserId=10283, version=30, isDelete=false)
2022-03-16 19:29:55.221  INFO wellness-api-5d877dd8b9-5jh4v --- [nio-8081-exec-4] c.a.a.w.w.s.i.DailyStepService           : Old daily step : AbstractVersionTrack(createdDate=2022-03-16 19:21:49.778, createdUserId=10283, updatedDate=null, updatedUserId=0, version=0, isDelete=false)
2022-03-16 20:35:15.172 DEBUG wellness-api-5d877dd8b9-5jh4v --- [nio-8081-exec-2] c.a.a.w.w.c.JwtAuthenticationFilter      : security context was null, so authorizating user
2022-03-16 20:35:15.250  INFO wellness-api-5d877dd8b9-5jh4v --- [nio-8081-exec-2] c.a.a.w.w.s.i.MemberService              : SUB : 001541.126e87f88b024021ad6a295109949f03.0509
2022-03-16 20:35:15.298  INFO wellness-api-5d877dd8b9-5jh4v --- [nio-8081-exec-2] c.a.a.w.w.s.i.DailyStepService           : Old daily step : AbstractVersionTrack(createdDate=2022-03-16 19:21:49.778, createdUserId=10283, updatedDate=2022-03-16 19:29:55.222, updatedUserId=10283, version=1, isDelete=false)
2022-03-16 20:42:44.932  WARN wellness-api-5d877dd8b9-5jh4v --- [nio-8081-exec-5] c.a.a.w.w.c.JwtAuthenticationFilter      : couldn't find bearer string, will ignore the header
2022-03-16 21:00:01.618 ERROR wellness-api-5d877dd8b9-5jh4v --- [   scheduling-1] c.a.a.w.w.s.i.PushNotificationService    : com.google.firebase.messaging.FirebaseMessagingException: Requested entity was not found.
2022-03-16 21:00:02.031 ERROR wellness-api-5d877dd8b9-5jh4v --- [   scheduling-1] c.a.a.w.w.s.i.PushNotificationService    : com.google.firebase.messaging.FirebaseMessagingException: Requested entity was not found.
2022-03-16 21:00:02.405 ERROR wellness-api-5d877dd8b9-5jh4v --- [   scheduling-1] c.a.a.w.w.s.i.PushNotificationService    : com.google.firebase.messaging.FirebaseMessagingException: Requested entity was not found.
